2024-06-30T21:26:16.424Z 0: 

----------------------------------------------
2024-06-30T21:26:16.446Z 1: Discord starting: {"releaseChannel":"stable","version":"0.0.58"}, modulepath: /home/yvesd/.config/discord/0.0.58/modules
2024-06-30T21:26:16.452Z 2: ✅ webContents.created web1 "index.html"
2024-06-30T21:26:16.454Z 3: ✅ window.created win1 "discord"
2024-06-30T21:26:16.648Z 4: ✅ webContents.did-finish-load web1
2024-06-30T21:35:58.579Z 0: 

----------------------------------------------
2024-06-30T21:35:58.597Z 1: Discord starting: {"releaseChannel":"stable","version":"0.0.58"}, modulepath: /home/yvesd/.config/discord/0.0.58/modules
2024-06-30T21:35:58.599Z 2: ✅ webContents.created web1 "index.html"
2024-06-30T21:35:58.599Z 3: ✅ window.created win1 "discord"
2024-06-30T21:35:58.698Z 4: ✅ webContents.did-finish-load web1
2024-06-30T21:36:00.253Z 5: ✅ webContents.created web2 ""
2024-06-30T21:36:00.262Z 6: ✅ window.created win2 "Discord"
2024-06-30T21:36:02.588Z 7: ✅ webContents.did-finish-load web2
2024-06-30T21:36:02.688Z 8: window.close win1
2024-06-30T21:36:02.692Z 9: webContents.destroyed web1
2024-06-30T21:36:02.693Z 10: window.closed win1
2024-07-04T21:18:14.343Z 0: 

----------------------------------------------
2024-07-04T21:18:14.358Z 1: Discord starting: {"releaseChannel":"stable","version":"0.0.58"}, modulepath: /home/yvesd/.config/discord/0.0.58/modules
2024-07-04T21:18:14.369Z 2: ✅ webContents.created web1 ""
2024-07-04T21:18:14.371Z 3: ✅ window.created win1 "discord"
2024-07-04T21:18:14.578Z 4: ✅ webContents.did-finish-load web1
2024-07-04T21:18:14.798Z 5: ✅ webContents.created web2 ""
2024-07-04T21:18:14.801Z 6: ✅ window.created win2 "Discord"
2024-07-04T21:18:16.585Z 7: ✅ webContents.did-finish-load web2
2024-07-04T21:18:16.685Z 8: window.close win1
2024-07-04T21:18:16.689Z 9: webContents.destroyed web1
2024-07-04T21:18:16.690Z 10: window.closed win1
2024-07-10T13:56:40.043Z 11: before-quit
2024-07-10T13:57:10.288Z 0: 

----------------------------------------------
2024-07-10T13:57:10.304Z 1: Discord starting: {"releaseChannel":"stable","version":"0.0.58"}, modulepath: /home/yvesd/.config/discord/0.0.58/modules
2024-07-10T13:57:10.318Z 2: ✅ webContents.created web1 ""
2024-07-10T13:57:10.319Z 3: ✅ window.created win1 "discord"
2024-07-10T13:57:10.519Z 4: ✅ webContents.did-finish-load web1
2024-07-10T13:57:10.726Z 5: ✅ webContents.created web2 ""
2024-07-10T13:57:10.730Z 6: ✅ window.created win2 "Discord"
2024-07-10T13:57:12.425Z 7: ✅ webContents.did-finish-load web2
2024-07-10T13:57:12.525Z 8: window.close win1
2024-07-10T13:57:12.529Z 9: webContents.destroyed web1
2024-07-10T13:57:12.530Z 10: window.closed win1
2024-07-13T18:10:15.969Z 0: 

----------------------------------------------
2024-07-13T18:10:15.984Z 1: Discord starting: {"releaseChannel":"stable","version":"0.0.58"}, modulepath: /home/yvesd/.config/discord/0.0.58/modules
2024-07-13T18:10:15.996Z 2: ✅ webContents.created web1 ""
2024-07-13T18:10:15.997Z 3: ✅ window.created win1 "discord"
2024-07-13T18:10:16.188Z 4: ✅ webContents.did-finish-load web1
2024-07-13T18:10:16.454Z 5: ✅ webContents.created web2 ""
2024-07-13T18:10:16.457Z 6: ✅ window.created win2 "Discord"
2024-07-13T18:10:18.401Z 7: ✅ webContents.did-finish-load web2
2024-07-13T18:10:18.502Z 8: window.close win1
2024-07-13T18:10:18.505Z 9: webContents.destroyed web1
2024-07-13T18:10:18.506Z 10: window.closed win1
2024-07-13T18:14:48.636Z 11: before-quit
2024-07-13T18:15:13.559Z 0: 

----------------------------------------------
2024-07-13T18:15:13.573Z 1: Discord starting: {"releaseChannel":"stable","version":"0.0.58"}, modulepath: /home/yvesd/.config/discord/0.0.58/modules
2024-07-13T18:15:13.590Z 2: ✅ webContents.created web1 ""
2024-07-13T18:15:13.593Z 3: ✅ window.created win1 "discord"
2024-07-13T18:15:13.792Z 4: ✅ webContents.did-finish-load web1
2024-07-13T18:15:14.016Z 5: ✅ webContents.created web2 ""
2024-07-13T18:15:14.020Z 6: ✅ window.created win2 "Discord"
2024-07-13T18:15:15.816Z 7: ✅ webContents.did-finish-load web2
2024-07-13T18:15:15.916Z 8: window.close win1
2024-07-13T18:15:15.919Z 9: webContents.destroyed web1
2024-07-13T18:15:15.920Z 10: window.closed win1
2024-07-19T16:40:59.331Z 11: before-quit
2024-07-19T16:40:59.332Z 12: window.close win2
2024-07-19T16:40:59.345Z 13: ❌ child-process-gone {
  type: 'Utility',
  reason: 'killed',
  exitCode: 15,
  serviceName: 'audio.mojom.AudioService',
  name: 'Audio Service'
}
2024-07-19T16:41:26.183Z 0: 

----------------------------------------------
2024-07-19T16:41:26.288Z 1: Discord starting: {"releaseChannel":"stable","version":"0.0.58"}, modulepath: /home/yvesd/.config/discord/0.0.58/modules
2024-07-19T16:41:26.300Z 2: ✅ webContents.created web1 ""
2024-07-19T16:41:26.302Z 3: ✅ window.created win1 "discord"
2024-07-19T16:41:26.511Z 4: ✅ webContents.did-finish-load web1
2024-07-19T16:41:26.718Z 5: ✅ webContents.created web2 ""
2024-07-19T16:41:26.723Z 6: ✅ window.created win2 "Discord"
2024-07-19T16:41:28.425Z 7: ✅ webContents.did-finish-load web2
2024-07-19T16:41:28.525Z 8: window.close win1
2024-07-19T16:41:28.529Z 9: webContents.destroyed web1
2024-07-19T16:41:28.530Z 10: window.closed win1
2024-07-19T21:14:34.984Z 11: before-quit
2024-07-19T21:15:03.709Z 0: 

----------------------------------------------
2024-07-19T21:15:03.720Z 1: Discord starting: {"releaseChannel":"stable","version":"0.0.58"}, modulepath: /home/yvesd/.config/discord/0.0.58/modules
2024-07-19T21:15:03.737Z 2: ✅ webContents.created web1 ""
2024-07-19T21:15:03.738Z 3: ✅ window.created win1 "discord"
2024-07-19T21:15:03.951Z 4: ✅ webContents.did-finish-load web1
2024-07-19T21:15:04.226Z 5: ✅ webContents.created web2 ""
2024-07-19T21:15:04.230Z 6: ✅ window.created win2 "Discord"
2024-07-19T21:15:06.088Z 7: ✅ webContents.did-finish-load web2
2024-07-19T21:15:06.188Z 8: window.close win1
2024-07-19T21:15:06.191Z 9: webContents.destroyed web1
2024-07-19T21:15:06.192Z 10: window.closed win1
2024-07-20T18:21:26.978Z 11: before-quit
2024-07-20T18:21:55.014Z 0: 

----------------------------------------------
2024-07-20T18:21:55.029Z 1: Discord starting: {"releaseChannel":"stable","version":"0.0.58"}, modulepath: /home/yvesd/.config/discord/0.0.58/modules
2024-07-20T18:21:55.042Z 2: ✅ webContents.created web1 ""
2024-07-20T18:21:55.044Z 3: ✅ window.created win1 "discord"
2024-07-20T18:21:55.244Z 4: ✅ webContents.did-finish-load web1
2024-07-20T18:21:55.450Z 5: ✅ webContents.created web2 ""
2024-07-20T18:21:55.454Z 6: ✅ window.created win2 "Discord"
2024-07-20T18:21:56.914Z 7: ✅ webContents.did-finish-load web2
2024-07-20T18:21:57.014Z 8: window.close win1
2024-07-20T18:21:57.017Z 9: webContents.destroyed web1
2024-07-20T18:21:57.018Z 10: window.closed win1
2024-07-22T13:25:56.083Z 11: before-quit
2024-07-22T13:26:27.278Z 0: 

----------------------------------------------
2024-07-22T13:26:27.389Z 1: Discord starting: {"releaseChannel":"stable","version":"0.0.58"}, modulepath: /home/yvesd/.config/discord/0.0.58/modules
2024-07-22T13:26:27.402Z 2: ✅ webContents.created web1 "index.html"
2024-07-22T13:26:27.403Z 3: ✅ window.created win1 "discord"
2024-07-22T13:26:27.603Z 4: ✅ webContents.did-finish-load web1
2024-07-22T13:26:27.820Z 5: ✅ webContents.created web2 ""
2024-07-22T13:26:27.824Z 6: ✅ window.created win2 "Discord"
2024-07-22T13:26:29.484Z 7: ✅ webContents.did-finish-load web2
2024-07-22T13:26:29.585Z 8: window.close win1
2024-07-22T13:26:29.590Z 9: webContents.destroyed web1
2024-07-22T13:26:29.591Z 10: window.closed win1
