[2024-10-17 17:04:43.738] [error] Unrecognized Content-Security-Policy directive 'prefetch-src'.
[2024-10-17 17:04:43.973] [info]  [FAST CONNECT] wss://gateway.discord.gg/?encoding=etf&v=9&compress=zstd-stream, encoding: etf, version: 9
[2024-10-17 17:04:43.998] [error] Unrecognized Content-Security-Policy directive 'prefetch-src'.
[2024-10-17 17:04:43.998] [error] Unrecognized Content-Security-Policy directive 'prefetch-src'.
[2024-10-17 17:04:44.069] [info]  [FAST CONNECT] connected in 96ms
[2024-10-17 17:04:44.303] [info]  Initializing voice engine with audio subsystem: standard
[2024-10-17 17:04:44.408] [info]  [default] [BUILD INFO] Release Channel: stable, Build Number: 336185, Version Hash: bfbbb81584403eef451b424ab32f5f477534b0a4
[2024-10-17 17:04:44.529] [info]  [default] [NATIVE INFO] host 0.0.71, modules: discord_desktop_core: 1, discord_erlpack: 1, discord_spellcheck: 1, discord_utils: 1, discord_voice: 1, discord_zstd: 1, build: null
[2024-10-17 17:04:44.567] [error] [Spellchecker] sh is not a valid locale.
[2024-10-17 17:04:44.627] [error] Unrecognized Content-Security-Policy directive 'prefetch-src'.
[2024-10-17 17:04:44.628] [info]  [Spellchecker] Switching to en-US (available)
[2024-10-17 17:04:44.667] [error] Unrecognized Content-Security-Policy directive 'prefetch-src'.
[2024-10-17 17:04:44.798] [warn]  [CloudSyncUtils] CloudSync is not supported on this platform
[2024-10-17 17:04:44.911] [warn]  [DEPRECATED] Please use `subscribeWithSelector` middleware
[2024-10-17 17:04:44.990] [info]  [GatewaySocket] [CONNECT] wss://gateway.discord.gg, encoding: etf, version: 9, compression: zstd-stream
[2024-10-17 17:04:44.991] [info]  [GatewaySocket] [FAST CONNECT] successfully took over websocket, state: [object Object]
[2024-10-17 17:04:44.991] [info]  [GatewaySocket] [CONNECTED] wss://gateway.discord.gg/?encoding=etf&v=9&compress=zstd-stream in 0 ms
[2024-10-17 17:04:45.035] [error] Unrecognized Content-Security-Policy directive 'prefetch-src'.
[2024-10-17 17:04:45.036] [error] Unrecognized Content-Security-Policy directive 'prefetch-src'.
[2024-10-17 17:04:45.626] [info]  [GatewaySocket] [READY] took 636ms, as e7be11bfc0abe95cbef6e82ae0ff8a66
[2024-10-17 17:04:45.651] [info]  [Flux] Dispatching CONNECTION_OPEN
[2024-10-17 17:04:45.653] [info]  [DatabaseManager] removing database (user: 175004270414921728, database: undefined)
[2024-10-17 17:04:45.659] [warn]  [NativeDispatchUtils] Tried getting Dispatch instance before instantiated
[2024-10-17 17:04:45.668] [info]  [Spotify] WS Connecting
[2024-10-17 17:04:45.669] [info]  [Spotify] Added account: dragonzilla9
[2024-10-17 17:04:45.972] [warn]  [MediaEngineStore] Failed to load Krisp module: Failed to setup Krisp module, error code: -3
[2024-10-17 17:04:46.110] [info]  [GatewaySocket] [READY_SUPPLEMENTAL] took 1120ms
[2024-10-17 17:04:46.112] [info]  [RPCServer:WSS] Starting on 6463
[2024-10-17 17:04:46.113] [info]  [RPCServer:IPC] Starting on /run/user/1000/discord-ipc-0
[2024-10-17 17:04:46.296] [info]  [Spotify] WS Connected
[2024-10-17 17:04:46.385] [error] Unrecognized Content-Security-Policy directive 'prefetch-src'.
[2024-10-17 17:04:46.415] [info]  [Spotify] Profile updated for dragonzilla9: isPremium = true
[2024-10-17 17:04:46.417] [info]  [Spotify] Devices updated for dragonzilla9: [object Object]
[2024-10-17 17:21:50.183] [info]  [GatewaySocket] [CONNECT] wss://gateway-us-east1-c.discord.gg, encoding: etf, version: 9, compression: zstd-stream
[2024-10-17 17:21:50.284] [info]  [GatewaySocket] [CONNECTED] wss://gateway-us-east1-c.discord.gg/?encoding=etf&v=9&compress=zstd-stream in 101 ms
[2024-10-17 17:21:50.285] [info]  [GatewaySocket] [RESUME] resuming session e7be11bfc0abe95cbef6e82ae0ff8a66, seq: 150
[2024-10-17 17:21:50.376] [info]  [Flux] Dispatching CONNECTION_RESUMED
[2024-10-17 17:21:50.377] [info]  [GatewaySocket] [RESUMED] took 194ms, replayed 0 events, new seq: 151
[2024-10-17 18:53:17.985] [info]  [Spotify] WS Disconnected. Next retry in 1166ms
[2024-10-17 18:53:17.986] [info]  [GatewaySocket] [WS CLOSED] (false, 1006, ) retrying in 1.20 seconds.
[2024-10-17 19:01:55.407] [info]  [Spotify] WS Connecting
[2024-10-17 19:01:55.410] [info]  [GatewaySocket] [CONNECT] wss://gateway-us-east1-c.discord.gg, encoding: etf, version: 9, compression: zstd-stream
[2024-10-17 19:01:56.087] [info]  [GatewaySocket] [CONNECTED] wss://gateway-us-east1-c.discord.gg/?encoding=etf&v=9&compress=zstd-stream in 678 ms
[2024-10-17 19:01:56.719] [info]  [Spotify] Updated account access token: dragonzilla9
[2024-10-17 19:01:56.985] [info]  [GatewaySocket] [READY] took 1576ms, as ef685004c00511137452f94b20a0b975
[2024-10-17 19:01:57.009] [info]  [Flux] Dispatching CONNECTION_OPEN
[2024-10-17 19:01:57.013] [info]  [DatabaseManager] removing database (user: 175004270414921728, database: null)
[2024-10-17 19:01:57.017] [warn]  [NativeDispatchUtils] Tried getting Dispatch instance before instantiated
[2024-10-17 19:01:57.101] [info]  [GatewaySocket] [READY_SUPPLEMENTAL] took 1692ms
[2024-10-17 19:01:57.103] [info]  [Spotify] WS Connected
[2024-10-17 19:01:57.206] [info]  [Spotify] Profile updated for dragonzilla9: isPremium = true
[2024-10-17 19:01:57.222] [info]  [Spotify] Devices updated for dragonzilla9: 
[2024-10-17 19:12:21.984] [info]  [Spotify] Devices updated for dragonzilla9: [object Object]
[2024-10-17 19:22:22.048] [info]  [Spotify] Devices updated for dragonzilla9: [object Object],[object Object]
[2024-10-17 19:37:34.258] [info]  [Spotify] Devices updated for dragonzilla9: [object Object],[object Object]
[2024-10-17 19:47:34.338] [info]  [Spotify] Devices updated for dragonzilla9: [object Object],[object Object]
[2024-10-17 20:19:48.906] [info]  [Spotify] Updated account access token: dragonzilla9
[2024-10-17 20:19:49.044] [info]  [Spotify] Updated account access token: dragonzilla9
[2024-10-17 20:19:49.135] [info]  [Spotify] Devices updated for dragonzilla9: [object Object],[object Object]
[2024-10-17 20:31:21.448] [info]  [Spotify] Devices updated for dragonzilla9: [object Object],[object Object]
[2024-10-17 21:40:48.732] [info]  [Spotify] WS Disconnected. Next retry in 984ms
[2024-10-17 21:40:48.733] [info]  [GatewaySocket] [WS CLOSED] (false, 1006, ) retrying in 1.45 seconds.
[2024-10-18 08:15:24.267] [info]  [Spotify] WS Connecting
[2024-10-18 08:15:24.268] [info]  [GatewaySocket] [CONNECT] wss://gateway-us-east1-c.discord.gg, encoding: etf, version: 9, compression: zstd-stream
[2024-10-18 08:15:24.294] [info]  [GatewaySocket] [WS CLOSED] (true, 0, power monitor resumed) retrying immediately.
[2024-10-18 08:15:24.294] [info]  [GatewaySocket] [CONNECT] wss://gateway-us-east1-c.discord.gg, encoding: etf, version: 9, compression: zstd-stream
[2024-10-18 08:15:24.297] [info]  [GatewaySocket] [WS CLOSED] (true, 0, power monitor resumed) retrying immediately.
[2024-10-18 08:15:24.298] [info]  [GatewaySocket] [CONNECT] wss://gateway-us-east1-c.discord.gg, encoding: etf, version: 9, compression: zstd-stream
[2024-10-18 08:15:23.682] [info]  [GatewaySocket] [WS CLOSED] (false, 0, An error with the websocket occurred) retrying in 1.44 seconds.
[2024-10-18 08:15:25.121] [info]  [GatewaySocket] [CONNECT] wss://gateway.discord.gg, encoding: etf, version: 9, compression: zstd-stream
[2024-10-18 08:15:25.207] [info]  [GatewaySocket] [CONNECTED] wss://gateway.discord.gg/?encoding=etf&v=9&compress=zstd-stream in 86 ms
[2024-10-18 08:15:25.673] [info]  [GatewaySocket] [READY] took 551ms, as 77c0da17aa4f5e3b4d2c8813c14f6329
[2024-10-18 08:15:25.701] [info]  [Flux] Dispatching CONNECTION_OPEN
[2024-10-18 08:15:25.705] [info]  [DatabaseManager] removing database (user: 175004270414921728, database: null)
[2024-10-18 08:15:25.709] [warn]  [NativeDispatchUtils] Tried getting Dispatch instance before instantiated
[2024-10-18 08:15:25.777] [info]  [GatewaySocket] [READY_SUPPLEMENTAL] took 655ms
[2024-10-18 08:15:29.030] [info]  [Spotify] Updated account access token: dragonzilla9
[2024-10-18 08:15:29.232] [info]  [Spotify] WS Connected
[2024-10-18 08:15:29.330] [info]  [Spotify] Profile updated for dragonzilla9: isPremium = true
[2024-10-18 08:15:29.343] [info]  [Spotify] Updated account access token: dragonzilla9
[2024-10-18 08:15:29.348] [info]  [Spotify] Devices updated for dragonzilla9: [object Object],[object Object]
[2024-10-18 09:17:51.218] [info]  [MessageActionCreators] Fetching messages for 1288890014284906671 between undefined and undefined. jump={"jumpType":"ANIMATED"}
[2024-10-18 09:17:51.413] [info]  [MessageActionCreators] Fetched 50 messages for 1288890014284906671 isBefore:false isAfter:false
[2024-10-18 09:17:51.415] [info]  [ChannelMessages] loadComplete: resetting state for channelId=1288890014284906671, sending.length=0
[2024-10-18 09:17:51.750] [info]  [discord_protos.discord_users.v1.FrecencyUserSettings] Loading proto
[2024-10-18 09:18:23.218] [info]  [MessageQueue] Queueing message to be sent LogId:5126
[2024-10-18 09:18:23.219] [info]  [MessageQueue] Draining message from queue LogId:5126 QueueLength: 0
[2024-10-18 09:18:23.219] [info]  [MessageQueue] Draining Message Queue with:  0
[2024-10-18 09:18:23.369] [info]  [MessageQueue] Finished draining message from queue LogId:5126 QueueLength: 0
[2024-10-18 09:19:00.922] [error] Unrecognized Content-Security-Policy directive 'prefetch-src'.
[2024-10-18 09:19:58.920] [info]  [MessageQueue] Queueing message to be sent LogId:6789
[2024-10-18 09:19:58.920] [info]  [MessageQueue] Draining message from queue LogId:6789 QueueLength: 0
[2024-10-18 09:19:58.921] [info]  [MessageQueue] Draining Message Queue with:  0
[2024-10-18 09:19:59.090] [info]  [MessageQueue] Finished draining message from queue LogId:6789 QueueLength: 0
[2024-10-18 09:28:08.381] [info]  [MessageQueue] Queueing message to be sent LogId:8201
[2024-10-18 09:28:08.381] [info]  [MessageQueue] Draining message from queue LogId:8201 QueueLength: 0
[2024-10-18 09:28:08.381] [info]  [MessageQueue] Draining Message Queue with:  0
[2024-10-18 09:28:08.551] [info]  [MessageQueue] Finished draining message from queue LogId:8201 QueueLength: 0
[2024-10-18 09:28:26.614] [info]  [MessageQueue] Queueing message to be sent LogId:6030
[2024-10-18 09:28:26.615] [info]  [MessageQueue] Draining message from queue LogId:6030 QueueLength: 0
[2024-10-18 09:28:26.615] [info]  [MessageQueue] Draining Message Queue with:  0
[2024-10-18 09:28:26.819] [info]  [MessageQueue] Finished draining message from queue LogId:6030 QueueLength: 0
[2024-10-18 09:28:36.095] [info]  [MessageQueue] Queueing message to be sent LogId:3171
[2024-10-18 09:28:36.096] [info]  [MessageQueue] Draining message from queue LogId:3171 QueueLength: 0
[2024-10-18 09:28:36.096] [info]  [MessageQueue] Draining Message Queue with:  0
[2024-10-18 09:28:36.275] [info]  [MessageQueue] Finished draining message from queue LogId:3171 QueueLength: 0
[2024-10-18 09:28:40.966] [info]  [MessageQueue] Queueing message to be sent LogId:8818
[2024-10-18 09:28:40.967] [info]  [MessageQueue] Draining message from queue LogId:8818 QueueLength: 0
[2024-10-18 09:28:40.967] [info]  [MessageQueue] Draining Message Queue with:  0
[2024-10-18 09:28:41.100] [info]  [MessageQueue] Finished draining message from queue LogId:8818 QueueLength: 0
[2024-10-18 09:28:49.263] [info]  [MessageQueue] Draining message from queue LogId:undefined QueueLength: 0
[2024-10-18 09:28:49.263] [info]  [MessageQueue] Draining Message Queue with:  1
[2024-10-18 09:28:49.393] [info]  [MessageQueue] Finished draining message from queue LogId:undefined QueueLength: 0
[2024-10-18 09:28:49.394] [info]  [MessageActionCreators] Fetching messages for 1288890014284906671 between undefined and undefined. jump=undefined
[2024-10-18 09:28:59.855] [info]  [GatewaySocket] [WS CLOSED] (false, 1006, ) retrying in 1.34 seconds.
[2024-10-18 09:29:01.197] [info]  [GatewaySocket] [CONNECT] wss://gateway-us-east1-c.discord.gg, encoding: etf, version: 9, compression: zstd-stream
[2024-10-18 09:29:01.290] [info]  [GatewaySocket] [CONNECTED] wss://gateway-us-east1-c.discord.gg/?encoding=etf&v=9&compress=zstd-stream in 94 ms
[2024-10-18 09:29:01.291] [info]  [GatewaySocket] [RESUME] resuming session 77c0da17aa4f5e3b4d2c8813c14f6329, seq: 626
[2024-10-18 09:29:01.383] [info]  [Flux] Dispatching CONNECTION_RESUMED
[2024-10-18 09:29:01.384] [info]  [GatewaySocket] [RESUMED] took 187ms, replayed 0 events, new seq: 628
[2024-10-18 09:29:05.703] [info]  [MessageQueue] Queueing message to be sent LogId:5272
[2024-10-18 09:29:05.704] [info]  [MessageQueue] Draining message from queue LogId:5272 QueueLength: 0
[2024-10-18 09:29:05.704] [info]  [MessageQueue] Draining Message Queue with:  0
[2024-10-18 09:29:05.853] [info]  [MessageQueue] Finished draining message from queue LogId:5272 QueueLength: 0
[2024-10-18 09:29:09.567] [info]  [discord_protos.discord_users.v1.FrecencyUserSettings] Scheduling save from markDirty
[2024-10-18 09:29:09.568] [info]  [discord_protos.discord_users.v1.FrecencyUserSettings] Persisting proto
[2024-10-18 09:29:31.972] [info]  [MessageQueue] Queueing message to be sent LogId:4634
[2024-10-18 09:29:31.972] [info]  [MessageQueue] Draining message from queue LogId:4634 QueueLength: 0
[2024-10-18 09:29:31.973] [info]  [MessageQueue] Draining Message Queue with:  0
[2024-10-18 09:29:32.224] [info]  [MessageQueue] Finished draining message from queue LogId:4634 QueueLength: 0
[2024-10-18 09:29:39.174] [info]  [MessageQueue] Queueing message to be sent LogId:4027
[2024-10-18 09:29:39.174] [info]  [MessageQueue] Draining message from queue LogId:4027 QueueLength: 0
[2024-10-18 09:29:39.174] [info]  [MessageQueue] Draining Message Queue with:  0
[2024-10-18 09:29:39.330] [info]  [MessageQueue] Finished draining message from queue LogId:4027 QueueLength: 0
[2024-10-18 09:29:41.660] [info]  [MessageQueue] Queueing message to be sent LogId:8226
[2024-10-18 09:29:41.661] [info]  [MessageQueue] Draining message from queue LogId:8226 QueueLength: 0
[2024-10-18 09:29:41.661] [info]  [MessageQueue] Draining Message Queue with:  0
[2024-10-18 09:29:41.821] [info]  [MessageQueue] Finished draining message from queue LogId:8226 QueueLength: 0
[2024-10-18 09:29:52.118] [info]  [MessageQueue] Queueing message to be sent LogId:1123
[2024-10-18 09:29:52.119] [info]  [MessageQueue] Draining message from queue LogId:1123 QueueLength: 0
[2024-10-18 09:29:52.119] [info]  [MessageQueue] Draining Message Queue with:  0
[2024-10-18 09:29:52.369] [info]  [MessageQueue] Finished draining message from queue LogId:1123 QueueLength: 0
[2024-10-18 10:01:25.169] [info]  [MessageQueue] Queueing message to be sent LogId:3617
[2024-10-18 10:01:25.169] [info]  [MessageQueue] Draining message from queue LogId:3617 QueueLength: 0
[2024-10-18 10:01:25.169] [info]  [MessageQueue] Draining Message Queue with:  0
[2024-10-18 10:01:25.347] [info]  [MessageQueue] Finished draining message from queue LogId:3617 QueueLength: 0
[2024-10-18 10:01:32.257] [info]  [MessageQueue] Queueing message to be sent LogId:1433
[2024-10-18 10:01:32.258] [info]  [MessageQueue] Draining message from queue LogId:1433 QueueLength: 0
[2024-10-18 10:01:32.258] [info]  [MessageQueue] Draining Message Queue with:  0
[2024-10-18 10:01:32.448] [info]  [MessageQueue] Finished draining message from queue LogId:1433 QueueLength: 0
[2024-10-18 10:01:33.639] [info]  [MessageActionCreators] Fetching messages for 1205527689218490439 between undefined and undefined. jump={"jumpType":"ANIMATED"}
[2024-10-18 10:01:33.780] [info]  [MessageActionCreators] Fetched 50 messages for 1205527689218490439 isBefore:false isAfter:false
[2024-10-18 10:01:33.783] [info]  [ChannelMessages] loadComplete: resetting state for channelId=1205527689218490439, sending.length=0
[2024-10-18 10:01:42.706] [info]  [MessageQueue] Queueing message to be sent LogId:9458
[2024-10-18 10:01:42.707] [info]  [MessageQueue] Draining message from queue LogId:9458 QueueLength: 0
[2024-10-18 10:01:42.707] [info]  [MessageQueue] Draining Message Queue with:  0
[2024-10-18 10:01:43.129] [info]  [MessageQueue] Finished draining message from queue LogId:9458 QueueLength: 0
[2024-10-18 10:01:57.362] [info]  [MessageQueue] Queueing message to be sent LogId:3028
[2024-10-18 10:01:57.362] [info]  [MessageQueue] Draining message from queue LogId:3028 QueueLength: 0
[2024-10-18 10:01:57.363] [info]  [MessageQueue] Draining Message Queue with:  0
[2024-10-18 10:01:57.538] [info]  [MessageQueue] Finished draining message from queue LogId:3028 QueueLength: 0
[2024-10-18 10:02:03.746] [info]  [MessageQueue] Queueing message to be sent LogId:9211
[2024-10-18 10:02:03.747] [info]  [MessageQueue] Draining message from queue LogId:9211 QueueLength: 0
[2024-10-18 10:02:03.747] [info]  [MessageQueue] Draining Message Queue with:  0
[2024-10-18 10:02:03.925] [info]  [MessageQueue] Finished draining message from queue LogId:9211 QueueLength: 0
[2024-10-18 10:02:16.854] [info]  [MessageQueue] Queueing message to be sent LogId:7198
[2024-10-18 10:02:16.854] [info]  [MessageQueue] Draining message from queue LogId:7198 QueueLength: 0
[2024-10-18 10:02:16.854] [info]  [MessageQueue] Draining Message Queue with:  0
[2024-10-18 10:02:17.047] [info]  [MessageQueue] Finished draining message from queue LogId:7198 QueueLength: 0
[2024-10-18 10:02:31.085] [info]  [MessageQueue] Queueing message to be sent LogId:6817
[2024-10-18 10:02:31.085] [info]  [MessageQueue] Draining message from queue LogId:6817 QueueLength: 0
[2024-10-18 10:02:31.086] [info]  [MessageQueue] Draining Message Queue with:  0
[2024-10-18 10:02:31.383] [info]  [MessageQueue] Finished draining message from queue LogId:6817 QueueLength: 0
[2024-10-18 10:02:37.448] [info]  [MessageQueue] Queueing message to be sent LogId:686
[2024-10-18 10:02:37.448] [info]  [MessageQueue] Draining message from queue LogId:686 QueueLength: 0
[2024-10-18 10:02:37.448] [info]  [MessageQueue] Draining Message Queue with:  0
[2024-10-18 10:02:37.745] [info]  [MessageQueue] Finished draining message from queue LogId:686 QueueLength: 0
[2024-10-18 10:02:46.275] [info]  [MessageQueue] Queueing message to be sent LogId:6993
[2024-10-18 10:02:46.275] [info]  [MessageQueue] Draining message from queue LogId:6993 QueueLength: 0
[2024-10-18 10:02:46.276] [info]  [MessageQueue] Draining Message Queue with:  0
[2024-10-18 10:02:46.448] [info]  [MessageQueue] Finished draining message from queue LogId:6993 QueueLength: 0
[2024-10-18 10:02:53.350] [info]  [MessageQueue] Queueing message to be sent LogId:950
[2024-10-18 10:02:53.350] [info]  [MessageQueue] Draining message from queue LogId:950 QueueLength: 0
[2024-10-18 10:02:53.350] [info]  [MessageQueue] Draining Message Queue with:  0
[2024-10-18 10:02:53.568] [info]  [MessageQueue] Finished draining message from queue LogId:950 QueueLength: 0
[2024-10-18 10:03:14.460] [info]  [MessageQueue] Queueing message to be sent LogId:5012
[2024-10-18 10:03:14.460] [info]  [MessageQueue] Draining message from queue LogId:5012 QueueLength: 0
[2024-10-18 10:03:14.460] [info]  [MessageQueue] Draining Message Queue with:  0
[2024-10-18 10:03:14.712] [info]  [MessageQueue] Finished draining message from queue LogId:5012 QueueLength: 0
[2024-10-18 10:03:51.380] [info]  [MessageQueue] Queueing message to be sent LogId:517
[2024-10-18 10:03:51.381] [info]  [MessageQueue] Draining message from queue LogId:517 QueueLength: 0
[2024-10-18 10:03:51.381] [info]  [MessageQueue] Draining Message Queue with:  0
[2024-10-18 10:03:51.668] [info]  [MessageQueue] Finished draining message from queue LogId:517 QueueLength: 0
[2024-10-18 10:04:02.791] [info]  [MessageQueue] Queueing message to be sent LogId:1011
[2024-10-18 10:04:02.792] [info]  [MessageQueue] Draining message from queue LogId:1011 QueueLength: 0
[2024-10-18 10:04:02.792] [info]  [MessageQueue] Draining Message Queue with:  0
[2024-10-18 10:04:03.195] [info]  [MessageQueue] Finished draining message from queue LogId:1011 QueueLength: 0
[2024-10-18 10:05:23.456] [info]  [MessageQueue] Queueing message to be sent LogId:6614
[2024-10-18 10:05:23.456] [info]  [MessageQueue] Draining message from queue LogId:6614 QueueLength: 0
[2024-10-18 10:05:23.456] [info]  [MessageQueue] Draining Message Queue with:  0
[2024-10-18 10:05:23.620] [info]  [MessageQueue] Finished draining message from queue LogId:6614 QueueLength: 0
[2024-10-18 10:05:42.028] [info]  [MessageQueue] Queueing message to be sent LogId:8908
[2024-10-18 10:05:42.029] [info]  [MessageQueue] Draining message from queue LogId:8908 QueueLength: 0
[2024-10-18 10:05:42.029] [info]  [MessageQueue] Draining Message Queue with:  0
[2024-10-18 10:05:42.208] [info]  [MessageQueue] Finished draining message from queue LogId:8908 QueueLength: 0
[2024-10-18 10:05:55.429] [info]  [MessageQueue] Queueing message to be sent LogId:481
[2024-10-18 10:05:55.429] [info]  [MessageQueue] Draining message from queue LogId:481 QueueLength: 0
[2024-10-18 10:05:55.429] [info]  [MessageQueue] Draining Message Queue with:  0
[2024-10-18 10:05:55.596] [info]  [MessageQueue] Finished draining message from queue LogId:481 QueueLength: 0
[2024-10-18 10:06:27.911] [info]  [MessageQueue] Queueing message to be sent LogId:9390
[2024-10-18 10:06:27.912] [info]  [MessageQueue] Draining message from queue LogId:9390 QueueLength: 0
[2024-10-18 10:06:27.912] [info]  [MessageQueue] Draining Message Queue with:  0
[2024-10-18 10:06:28.084] [info]  [MessageQueue] Finished draining message from queue LogId:9390 QueueLength: 0
[2024-10-18 10:06:31.020] [info]  [MessageQueue] Queueing message to be sent LogId:6837
[2024-10-18 10:06:31.020] [info]  [MessageQueue] Draining message from queue LogId:6837 QueueLength: 0
[2024-10-18 10:06:31.020] [info]  [MessageQueue] Draining Message Queue with:  0
[2024-10-18 10:06:31.244] [info]  [MessageQueue] Finished draining message from queue LogId:6837 QueueLength: 0
[2024-10-18 10:06:45.884] [info]  [MessageQueue] Queueing message to be sent LogId:1343
[2024-10-18 10:06:45.884] [info]  [MessageQueue] Draining message from queue LogId:1343 QueueLength: 0
[2024-10-18 10:06:45.884] [info]  [MessageQueue] Draining Message Queue with:  0
[2024-10-18 10:06:46.052] [info]  [MessageQueue] Finished draining message from queue LogId:1343 QueueLength: 0
[2024-10-18 10:06:49.739] [info]  [MessageQueue] Queueing message to be sent LogId:3988
[2024-10-18 10:06:49.739] [info]  [MessageQueue] Draining message from queue LogId:3988 QueueLength: 0
[2024-10-18 10:06:49.739] [info]  [MessageQueue] Draining Message Queue with:  0
[2024-10-18 10:06:49.926] [info]  [MessageQueue] Finished draining message from queue LogId:3988 QueueLength: 0
[2024-10-18 10:07:43.057] [info]  [MessageQueue] Queueing message to be sent LogId:5946
[2024-10-18 10:07:43.057] [info]  [MessageQueue] Draining message from queue LogId:5946 QueueLength: 0
[2024-10-18 10:07:43.057] [info]  [MessageQueue] Draining Message Queue with:  0
[2024-10-18 10:07:43.233] [info]  [MessageQueue] Finished draining message from queue LogId:5946 QueueLength: 0
[2024-10-18 10:07:54.277] [info]  [MessageQueue] Queueing message to be sent LogId:1940
[2024-10-18 10:07:54.277] [info]  [MessageQueue] Draining message from queue LogId:1940 QueueLength: 0
[2024-10-18 10:07:54.277] [info]  [MessageQueue] Draining Message Queue with:  0
[2024-10-18 10:07:54.452] [info]  [MessageQueue] Finished draining message from queue LogId:1940 QueueLength: 0
[2024-10-18 10:21:06.588] [info]  [GatewaySocket] [WS CLOSED] (false, 1006, ) retrying in 1.64 seconds.
[2024-10-18 10:21:08.225] [info]  [GatewaySocket] [CONNECT] wss://gateway-us-east1-c.discord.gg, encoding: etf, version: 9, compression: zstd-stream
[2024-10-18 10:21:08.321] [info]  [GatewaySocket] [CONNECTED] wss://gateway-us-east1-c.discord.gg/?encoding=etf&v=9&compress=zstd-stream in 95 ms
[2024-10-18 10:21:08.322] [info]  [GatewaySocket] [RESUME] resuming session 77c0da17aa4f5e3b4d2c8813c14f6329, seq: 1159
[2024-10-18 10:21:08.421] [info]  [Flux] Dispatching CONNECTION_RESUMED
[2024-10-18 10:21:08.425] [info]  [GatewaySocket] [RESUMED] took 200ms, replayed 0 events, new seq: 1160
[2024-10-18 10:21:16.607] [info]  [discord_protos.discord_users.v1.FrecencyUserSettings] Scheduling save from markDirty
[2024-10-18 10:21:16.607] [info]  [discord_protos.discord_users.v1.FrecencyUserSettings] Persisting proto
[2024-10-18 10:22:07.537] [info]  [Spotify] Updated account access token: dragonzilla9
[2024-10-18 10:22:07.627] [info]  [Spotify] Devices updated for dragonzilla9: [object Object],[object Object]
[2024-10-18 10:22:07.670] [info]  [Spotify] Updated account access token: dragonzilla9
[2024-10-18 10:22:10.349] [info]  [Spotify] Devices updated for dragonzilla9: [object Object],[object Object]
[2024-10-18 10:32:22.156] [info]  [MessageQueue] Queueing message to be sent LogId:2665
[2024-10-18 10:32:22.156] [info]  [MessageQueue] Draining message from queue LogId:2665 QueueLength: 0
[2024-10-18 10:32:22.157] [info]  [MessageQueue] Draining Message Queue with:  0
[2024-10-18 10:32:22.330] [info]  [MessageQueue] Finished draining message from queue LogId:2665 QueueLength: 0
[2024-10-18 10:32:54.728] [info]  [MessageQueue] Queueing message to be sent LogId:7030
[2024-10-18 10:32:54.728] [info]  [MessageQueue] Draining message from queue LogId:7030 QueueLength: 0
[2024-10-18 10:32:54.728] [info]  [MessageQueue] Draining Message Queue with:  0
[2024-10-18 10:32:54.895] [info]  [MessageQueue] Finished draining message from queue LogId:7030 QueueLength: 0
[2024-10-18 10:33:00.407] [info]  [MessageQueue] Queueing message to be sent LogId:9321
[2024-10-18 10:33:00.408] [info]  [MessageQueue] Draining message from queue LogId:9321 QueueLength: 0
[2024-10-18 10:33:00.408] [info]  [MessageQueue] Draining Message Queue with:  0
[2024-10-18 10:33:00.728] [info]  [MessageQueue] Finished draining message from queue LogId:9321 QueueLength: 0
[2024-10-18 10:33:04.376] [info]  [MessageQueue] Queueing message to be sent LogId:3621
[2024-10-18 10:33:04.376] [info]  [MessageQueue] Draining message from queue LogId:3621 QueueLength: 0
[2024-10-18 10:33:04.376] [info]  [MessageQueue] Draining Message Queue with:  0
[2024-10-18 10:33:04.529] [info]  [MessageQueue] Finished draining message from queue LogId:3621 QueueLength: 0
[2024-10-18 10:33:06.289] [info]  [MessageQueue] Queueing message to be sent LogId:4135
[2024-10-18 10:33:06.289] [info]  [MessageQueue] Draining message from queue LogId:4135 QueueLength: 0
[2024-10-18 10:33:06.290] [info]  [MessageQueue] Draining Message Queue with:  0
[2024-10-18 10:33:06.505] [info]  [MessageQueue] Finished draining message from queue LogId:4135 QueueLength: 0
[2024-10-18 10:33:13.505] [info]  [MessageQueue] Queueing message to be sent LogId:4872
[2024-10-18 10:33:13.505] [info]  [MessageQueue] Draining message from queue LogId:4872 QueueLength: 0
[2024-10-18 10:33:13.505] [info]  [MessageQueue] Draining Message Queue with:  0
[2024-10-18 10:33:13.773] [info]  [MessageQueue] Finished draining message from queue LogId:4872 QueueLength: 0
[2024-10-18 10:33:27.979] [info]  [MessageQueue] Queueing message to be sent LogId:6839
[2024-10-18 10:33:27.979] [info]  [MessageQueue] Draining message from queue LogId:6839 QueueLength: 0
[2024-10-18 10:33:27.979] [info]  [MessageQueue] Draining Message Queue with:  0
[2024-10-18 10:33:28.118] [info]  [MessageQueue] Finished draining message from queue LogId:6839 QueueLength: 0
[2024-10-18 10:33:36.050] [info]  [MessageQueue] Queueing message to be sent LogId:8132
[2024-10-18 10:33:36.050] [info]  [MessageQueue] Draining message from queue LogId:8132 QueueLength: 0
[2024-10-18 10:33:36.050] [info]  [MessageQueue] Draining Message Queue with:  0
[2024-10-18 10:33:36.265] [info]  [MessageQueue] Finished draining message from queue LogId:8132 QueueLength: 0
[2024-10-18 10:34:11.278] [info]  [MessageQueue] Queueing message to be sent LogId:1074
[2024-10-18 10:34:11.279] [info]  [MessageQueue] Draining message from queue LogId:1074 QueueLength: 0
[2024-10-18 10:34:11.279] [info]  [MessageQueue] Draining Message Queue with:  0
[2024-10-18 10:34:11.532] [info]  [MessageQueue] Finished draining message from queue LogId:1074 QueueLength: 0
[2024-10-18 10:34:50.890] [info]  [MessageQueue] Queueing message to be sent LogId:1294
[2024-10-18 10:34:50.890] [info]  [MessageQueue] Draining message from queue LogId:1294 QueueLength: 0
[2024-10-18 10:34:50.891] [info]  [MessageQueue] Draining Message Queue with:  0
[2024-10-18 10:34:51.104] [info]  [MessageQueue] Finished draining message from queue LogId:1294 QueueLength: 0
[2024-10-18 10:34:54.618] [info]  [MessageQueue] Queueing message to be sent LogId:5976
[2024-10-18 10:34:54.618] [info]  [MessageQueue] Draining message from queue LogId:5976 QueueLength: 0
[2024-10-18 10:34:54.618] [info]  [MessageQueue] Draining Message Queue with:  0
[2024-10-18 10:34:54.842] [info]  [MessageQueue] Finished draining message from queue LogId:5976 QueueLength: 0
[2024-10-18 10:35:06.359] [info]  [MessageQueue] Queueing message to be sent LogId:2433
[2024-10-18 10:35:06.360] [info]  [MessageQueue] Draining message from queue LogId:2433 QueueLength: 0
[2024-10-18 10:35:06.360] [info]  [MessageQueue] Draining Message Queue with:  0
[2024-10-18 10:35:06.581] [info]  [MessageQueue] Finished draining message from queue LogId:2433 QueueLength: 0
[2024-10-18 10:35:24.803] [info]  [MessageQueue] Queueing message to be sent LogId:5821
[2024-10-18 10:35:24.803] [info]  [MessageQueue] Draining message from queue LogId:5821 QueueLength: 0
[2024-10-18 10:35:24.803] [info]  [MessageQueue] Draining Message Queue with:  0
[2024-10-18 10:35:24.982] [info]  [MessageQueue] Finished draining message from queue LogId:5821 QueueLength: 0
[2024-10-18 10:35:29.823] [info]  [MessageQueue] Queueing message to be sent LogId:4835
[2024-10-18 10:35:29.823] [info]  [MessageQueue] Draining message from queue LogId:4835 QueueLength: 0
[2024-10-18 10:35:29.823] [info]  [MessageQueue] Draining Message Queue with:  0
[2024-10-18 10:35:30.118] [info]  [MessageQueue] Finished draining message from queue LogId:4835 QueueLength: 0
[2024-10-18 10:35:32.098] [info]  [MessageQueue] Queueing message to be sent LogId:3173
[2024-10-18 10:35:32.098] [info]  [MessageQueue] Draining message from queue LogId:3173 QueueLength: 0
[2024-10-18 10:35:32.098] [info]  [MessageQueue] Draining Message Queue with:  0
[2024-10-18 10:35:32.332] [info]  [MessageQueue] Finished draining message from queue LogId:3173 QueueLength: 0
[2024-10-18 10:35:41.515] [info]  [MessageQueue] Queueing message to be sent LogId:1662
[2024-10-18 10:35:41.515] [info]  [MessageQueue] Draining message from queue LogId:1662 QueueLength: 0
[2024-10-18 10:35:41.515] [info]  [MessageQueue] Draining Message Queue with:  0
[2024-10-18 10:35:41.666] [info]  [MessageQueue] Finished draining message from queue LogId:1662 QueueLength: 0
[2024-10-18 10:35:47.982] [info]  [MessageQueue] Queueing message to be sent LogId:2335
[2024-10-18 10:35:47.982] [info]  [MessageQueue] Draining message from queue LogId:2335 QueueLength: 0
[2024-10-18 10:35:47.982] [info]  [MessageQueue] Draining Message Queue with:  0
[2024-10-18 10:35:48.218] [info]  [MessageQueue] Finished draining message from queue LogId:2335 QueueLength: 0
[2024-10-18 10:35:53.663] [info]  [MessageQueue] Queueing message to be sent LogId:6585
[2024-10-18 10:35:53.664] [info]  [MessageQueue] Draining message from queue LogId:6585 QueueLength: 0
[2024-10-18 10:35:53.664] [info]  [MessageQueue] Draining Message Queue with:  0
[2024-10-18 10:35:53.856] [info]  [MessageQueue] Finished draining message from queue LogId:6585 QueueLength: 0
[2024-10-18 10:36:29.309] [info]  [MessageQueue] Queueing message to be sent LogId:2852
[2024-10-18 10:36:29.309] [info]  [MessageQueue] Draining message from queue LogId:2852 QueueLength: 0
[2024-10-18 10:36:29.310] [info]  [MessageQueue] Draining Message Queue with:  0
[2024-10-18 10:36:29.446] [info]  [MessageQueue] Finished draining message from queue LogId:2852 QueueLength: 0
[2024-10-18 11:52:36.158] [info]  [GatewaySocket] [WS CLOSED] (false, 1006, ) retrying in 1.88 seconds.
[2024-10-18 11:52:38.034] [info]  [GatewaySocket] [CONNECT] wss://gateway-us-east1-c.discord.gg, encoding: etf, version: 9, compression: zstd-stream
[2024-10-18 11:52:38.123] [info]  [GatewaySocket] [CONNECTED] wss://gateway-us-east1-c.discord.gg/?encoding=etf&v=9&compress=zstd-stream in 89 ms
[2024-10-18 11:52:38.123] [info]  [GatewaySocket] [RESUME] resuming session 77c0da17aa4f5e3b4d2c8813c14f6329, seq: 2123
[2024-10-18 11:52:38.228] [info]  [Flux] Dispatching CONNECTION_RESUMED
[2024-10-18 11:52:38.233] [info]  [GatewaySocket] [RESUMED] took 200ms, replayed 0 events, new seq: 2126
[2024-10-18 11:53:06.064] [info]  [Spotify] Updated account access token: dragonzilla9
[2024-10-18 11:53:06.196] [info]  [Spotify] Updated account access token: dragonzilla9
[2024-10-18 11:53:06.303] [info]  [Spotify] Devices updated for dragonzilla9: [object Object],[object Object]
[2024-10-18 11:53:06.397] [info]  [Spotify] Updated account access token: dragonzilla9
[2024-10-18 11:53:06.553] [info]  [Spotify] Updated account access token: dragonzilla9
[2024-10-18 11:53:07.172] [info]  [Spotify] Updated account access token: dragonzilla9
[2024-10-18 12:00:23.165] [info]  [GatewaySocket] [WS CLOSED] (false, 1006, ) retrying in 2.34 seconds.
[2024-10-18 12:00:23.166] [info]  [Spotify] WS Disconnected. Next retry in 658ms
[2024-10-18 12:04:06.376] [info]  [Spotify] WS Connecting
[2024-10-18 12:04:06.381] [info]  [GatewaySocket] [CONNECT] wss://gateway-us-east1-c.discord.gg, encoding: etf, version: 9, compression: zstd-stream
[2024-10-18 12:04:06.507] [info]  [GatewaySocket] [CONNECTED] wss://gateway-us-east1-c.discord.gg/?encoding=etf&v=9&compress=zstd-stream in 129 ms
[2024-10-18 12:04:07.165] [info]  [GatewaySocket] [READY] took 787ms, as 3170f4d3b0debf8a9e9afac4c5031197
[2024-10-18 12:04:07.192] [info]  [Flux] Dispatching CONNECTION_OPEN
[2024-10-18 12:04:07.196] [info]  [DatabaseManager] removing database (user: 175004270414921728, database: null)
[2024-10-18 12:04:07.204] [warn]  [NativeDispatchUtils] Tried getting Dispatch instance before instantiated
[2024-10-18 12:04:07.228] [info]  [MessageActionCreators] Fetching messages for 1205527689218490439 between undefined and undefined. jump={"jumpType":"ANIMATED"}
[2024-10-18 12:04:07.382] [info]  [GatewaySocket] [READY_SUPPLEMENTAL] took 1004ms
[2024-10-18 12:04:07.391] [info]  [MessageActionCreators] Fetched 50 messages for 1205527689218490439 isBefore:false isAfter:false
[2024-10-18 12:04:07.392] [info]  [ChannelMessages] loadComplete: resetting state for channelId=1205527689218490439, sending.length=0
[2024-10-18 12:04:13.530] [info]  [Spotify] WS Connected
[2024-10-18 12:04:13.670] [info]  [Spotify] Devices updated for dragonzilla9: [object Object],[object Object]
[2024-10-18 12:04:13.694] [info]  [Spotify] Profile updated for dragonzilla9: isPremium = true
[2024-10-18 12:47:29.124] [info]  [Spotify] Devices updated for dragonzilla9: [object Object],[object Object]
[2024-10-18 12:50:02.257] [info]  [GatewaySocket] [CONNECT] wss://gateway-us-east1-c.discord.gg, encoding: etf, version: 9, compression: zstd-stream
[2024-10-18 12:50:02.353] [info]  [GatewaySocket] [CONNECTED] wss://gateway-us-east1-c.discord.gg/?encoding=etf&v=9&compress=zstd-stream in 97 ms
[2024-10-18 12:50:02.354] [info]  [GatewaySocket] [RESUME] resuming session 3170f4d3b0debf8a9e9afac4c5031197, seq: 519
[2024-10-18 12:50:02.447] [info]  [Flux] Dispatching CONNECTION_RESUMED
[2024-10-18 12:50:02.451] [info]  [GatewaySocket] [RESUMED] took 195ms, replayed 0 events, new seq: 520
[2024-10-18 12:57:35.951] [info]  [Spotify] Updated account access token: dragonzilla9
[2024-10-18 12:57:36.036] [info]  [Spotify] Devices updated for dragonzilla9: [object Object]
[2024-10-18 12:57:36.098] [info]  [Spotify] Updated account access token: dragonzilla9
[2024-10-18 12:57:36.273] [info]  [Spotify] Updated account access token: dragonzilla9
[2024-10-18 12:59:44.150] [info]  [Spotify] Devices updated for dragonzilla9: [object Object],[object Object]
[2024-10-18 12:59:53.093] [info]  [Spotify] Devices updated for dragonzilla9: [object Object],[object Object]
[2024-10-18 12:59:56.075] [info]  [Spotify] Devices updated for dragonzilla9: [object Object]
[2024-10-18 13:00:01.189] [info]  [Spotify] Devices updated for dragonzilla9: [object Object],[object Object]
[2024-10-18 13:00:02.770] [info]  [GatewaySocket] [WS CLOSED] (false, 1006, ) retrying in 2.15 seconds.
[2024-10-18 13:00:02.770] [info]  [Spotify] WS Disconnected. Next retry in 1387ms
[2024-10-18 15:03:19.312] [info]  [Spotify] WS Connecting
[2024-10-18 15:03:19.313] [info]  [GatewaySocket] [CONNECT] wss://gateway-us-east1-c.discord.gg, encoding: etf, version: 9, compression: zstd-stream
[2024-10-18 15:03:19.360] [info]  [GatewaySocket] [WS CLOSED] (false, 0, An error with the websocket occurred) retrying in 4.62 seconds.
[2024-10-18 15:03:19.433] [error] Uncaught (in promise) Error: Request has been terminated
Possible causes: the network is offline, Origin is not allowed by Access-Control-Allow-Origin, the page is being unloaded, etc.
[2024-10-18 15:03:19.458] [info]  [GatewaySocket] [CONNECT] wss://gateway.discord.gg, encoding: etf, version: 9, compression: zstd-stream
[2024-10-18 15:03:19.462] [info]  [GatewaySocket] [WS CLOSED] (true, 0, power monitor resumed) retrying immediately.
[2024-10-18 15:03:19.462] [info]  [GatewaySocket] [CONNECT] wss://gateway.discord.gg, encoding: etf, version: 9, compression: zstd-stream
[2024-10-18 15:03:19.482] [info]  [GatewaySocket] [WS CLOSED] (false, 0, An error with the websocket occurred) retrying in 1.43 seconds.
[2024-10-18 15:03:20.915] [info]  [GatewaySocket] [CONNECT] wss://gateway.discord.gg, encoding: etf, version: 9, compression: zstd-stream
[2024-10-18 15:03:21.010] [info]  [GatewaySocket] [CONNECTED] wss://gateway.discord.gg/?encoding=etf&v=9&compress=zstd-stream in 94 ms
[2024-10-18 15:03:21.555] [info]  [GatewaySocket] [READY] took 640ms, as 2f838e4a777befd827970c2151616635
[2024-10-18 15:03:21.577] [info]  [Flux] Dispatching CONNECTION_OPEN
[2024-10-18 15:03:21.579] [info]  [DatabaseManager] removing database (user: 175004270414921728, database: null)
[2024-10-18 15:03:21.582] [warn]  [NativeDispatchUtils] Tried getting Dispatch instance before instantiated
[2024-10-18 15:03:21.595] [info]  [MessageActionCreators] Fetching messages for 1205527689218490439 between undefined and undefined. jump={"jumpType":"ANIMATED"}
[2024-10-18 15:03:21.707] [info]  [GatewaySocket] [READY_SUPPLEMENTAL] took 792ms
[2024-10-18 15:03:21.725] [info]  [MessageActionCreators] Fetched 50 messages for 1205527689218490439 isBefore:false isAfter:false
[2024-10-18 15:03:21.726] [info]  [ChannelMessages] loadComplete: resetting state for channelId=1205527689218490439, sending.length=0
[2024-10-18 15:03:26.103] [info]  [Spotify] WS Disconnected. Next retry in 1715ms
[2024-10-18 15:03:27.818] [info]  [Spotify] WS Connecting
[2024-10-18 15:03:28.053] [info]  [Spotify] Updated account access token: dragonzilla9
[2024-10-18 15:03:28.219] [info]  [Spotify] WS Connected
[2024-10-18 15:03:28.294] [info]  [Spotify] Profile updated for dragonzilla9: isPremium = true
[2024-10-18 15:03:28.306] [info]  [Spotify] Devices updated for dragonzilla9: [object Object]
[2024-10-18 15:10:36.494] [info]  [Spotify] Devices updated for dragonzilla9: [object Object]
[2024-10-18 15:22:09.455] [info]  [Spotify] Updated account access token: dragonzilla9
[2024-10-18 15:22:09.538] [info]  [Spotify] Devices updated for dragonzilla9: [object Object],[object Object]
[2024-10-18 15:22:09.597] [info]  [Spotify] Updated account access token: dragonzilla9
[2024-10-18 15:54:43.707] [info]  [Spotify] Devices updated for dragonzilla9: [object Object]
[2024-10-18 17:07:32.411] [info]  [Spotify] Updated account access token: dragonzilla9
[2024-10-18 17:31:43.970] [info]  [GatewaySocket] [WS CLOSED] (false, 1006, ) retrying in 2.79 seconds.
[2024-10-18 17:31:46.784] [info]  [GatewaySocket] [CONNECT] wss://gateway-us-east1-b.discord.gg, encoding: etf, version: 9, compression: zstd-stream
[2024-10-18 17:31:46.875] [info]  [GatewaySocket] [CONNECTED] wss://gateway-us-east1-b.discord.gg/?encoding=etf&v=9&compress=zstd-stream in 91 ms
[2024-10-18 17:31:46.875] [info]  [GatewaySocket] [RESUME] resuming session 2f838e4a777befd827970c2151616635, seq: 1362
[2024-10-18 17:31:46.968] [info]  [Flux] Dispatching CONNECTION_RESUMED
[2024-10-18 17:31:46.972] [info]  [GatewaySocket] [RESUMED] took 189ms, replayed 0 events, new seq: 1363
[2024-10-18 17:34:14.384] [info]  [MessageActionCreators] Fetching messages for 479799515939995659 between undefined and undefined. jump={"jumpType":"ANIMATED"}
[2024-10-18 17:34:14.462] [info]  [Routing/Utils] transitionTo - Transitioning to /channels/352065098472488960/479799515939995659
[2024-10-18 17:34:14.630] [info]  [MessageActionCreators] Fetched 50 messages for 479799515939995659 isBefore:false isAfter:false
[2024-10-18 17:34:14.632] [info]  [ChannelMessages] loadComplete: resetting state for channelId=479799515939995659, sending.length=0
[2024-10-18 17:34:15.321] [info]  [discord_protos.discord_users.v1.FrecencyUserSettings] Loading proto
[2024-10-18 18:16:27.556] [info]  [Spotify] Updated account access token: dragonzilla9
[2024-10-18 18:19:50.531] [info]  [GatewaySocket] [CONNECT] wss://gateway-us-east1-b.discord.gg, encoding: etf, version: 9, compression: zstd-stream
[2024-10-18 18:19:50.616] [info]  [GatewaySocket] [CONNECTED] wss://gateway-us-east1-b.discord.gg/?encoding=etf&v=9&compress=zstd-stream in 84 ms
[2024-10-18 18:19:50.616] [info]  [GatewaySocket] [RESUME] resuming session 2f838e4a777befd827970c2151616635, seq: 1888
[2024-10-18 18:19:50.710] [info]  [Flux] Dispatching CONNECTION_RESUMED
[2024-10-18 18:19:50.715] [info]  [GatewaySocket] [RESUMED] took 184ms, replayed 0 events, new seq: 1889
[2024-10-18 18:19:58.896] [info]  [discord_protos.discord_users.v1.FrecencyUserSettings] Scheduling save from markDirty
[2024-10-18 18:19:58.897] [info]  [discord_protos.discord_users.v1.FrecencyUserSettings] Persisting proto
[2024-10-18 18:26:53.773] [info]  [MessageActionCreators] Fetching messages for 1288890014284906671 between undefined and undefined. jump={"jumpType":"ANIMATED"}
[2024-10-18 18:26:54.035] [info]  [MessageActionCreators] Fetched 50 messages for 1288890014284906671 isBefore:false isAfter:false
[2024-10-18 18:26:54.037] [info]  [ChannelMessages] loadComplete: resetting state for channelId=1288890014284906671, sending.length=0
[2024-10-18 18:26:59.679] [info]  [MessageQueue] Queueing message to be sent LogId:8407
[2024-10-18 18:26:59.680] [info]  [MessageQueue] Draining message from queue LogId:8407 QueueLength: 0
[2024-10-18 18:26:59.680] [info]  [MessageQueue] Draining Message Queue with:  0
[2024-10-18 18:26:59.814] [info]  [MessageQueue] Finished draining message from queue LogId:8407 QueueLength: 0
[2024-10-18 18:27:08.648] [info]  [MessageQueue] Queueing message to be sent LogId:968
[2024-10-18 18:27:08.649] [info]  [MessageQueue] Draining message from queue LogId:968 QueueLength: 0
[2024-10-18 18:27:08.649] [info]  [MessageQueue] Draining Message Queue with:  0
[2024-10-18 18:27:08.892] [info]  [MessageQueue] Finished draining message from queue LogId:968 QueueLength: 0
[2024-10-18 18:27:13.120] [info]  [MessageQueue] Queueing message to be sent LogId:7949
[2024-10-18 18:27:13.120] [info]  [MessageQueue] Draining message from queue LogId:7949 QueueLength: 0
[2024-10-18 18:27:13.120] [info]  [MessageQueue] Draining Message Queue with:  0
[2024-10-18 18:27:13.395] [info]  [MessageQueue] Finished draining message from queue LogId:7949 QueueLength: 0
[2024-10-18 18:29:49.047] [info]  [MessageQueue] Queueing message to be sent LogId:8276
[2024-10-18 18:29:49.047] [info]  [MessageQueue] Draining message from queue LogId:8276 QueueLength: 0
[2024-10-18 18:29:49.047] [info]  [MessageQueue] Draining Message Queue with:  0
[2024-10-18 18:29:49.199] [info]  [MessageQueue] Finished draining message from queue LogId:8276 QueueLength: 0
