2024-04-25T13:12:07.864Z 0: 

----------------------------------------------
2024-04-25T13:12:07.878Z 1: Discord starting: {"releaseChannel":"stable","version":"0.0.50"}, modulepath: /home/yvesd/.config/discord/0.0.50/modules
2024-04-25T13:12:07.882Z 2: ✅ webContents.created web1 ""
2024-04-25T13:12:07.889Z 3: ✅ window.created win1 "discord"
2024-04-25T13:12:08.082Z 4: ✅ webContents.did-finish-load web1
2024-04-25T13:12:11.229Z 5: ✅ webContents.created web2 ""
2024-04-25T13:12:11.237Z 6: ✅ window.created win2 "Discord"
2024-04-25T13:12:14.655Z 7: ✅ webContents.did-finish-load web2
2024-04-25T13:12:14.756Z 8: window.close win1
2024-04-25T13:12:14.760Z 9: webContents.destroyed web1
2024-04-25T13:12:14.761Z 10: window.closed win1
2024-04-25T16:45:57.552Z 11: before-quit
2024-04-25T16:45:57.554Z 12: window.close win2
2024-04-25T16:45:57.561Z 13: ❌ child-process-gone {
  type: 'Utility',
  reason: 'killed',
  exitCode: 15,
  serviceName: 'audio.mojom.AudioService',
  name: 'Audio Service'
}
2024-04-25T16:46:25.034Z 0: 

----------------------------------------------
2024-04-25T16:46:25.045Z 1: Discord starting: {"releaseChannel":"stable","version":"0.0.50"}, modulepath: /home/yvesd/.config/discord/0.0.50/modules
2024-04-25T16:46:25.060Z 2: ✅ webContents.created web1 ""
2024-04-25T16:46:25.064Z 3: ✅ window.created win1 "discord"
2024-04-25T16:46:25.268Z 4: ✅ webContents.did-finish-load web1
2024-04-25T16:46:25.466Z 5: ✅ webContents.created web2 ""
2024-04-25T16:46:25.469Z 6: ✅ window.created win2 "Discord"
2024-04-25T16:46:27.156Z 7: ✅ webContents.did-finish-load web2
2024-04-25T16:46:27.257Z 8: window.close win1
2024-04-25T16:46:27.260Z 9: webContents.destroyed web1
2024-04-25T16:46:27.261Z 10: window.closed win1
2024-04-26T13:51:58.635Z 0: 

----------------------------------------------
2024-04-26T13:51:58.648Z 1: Discord starting: {"releaseChannel":"stable","version":"0.0.50"}, modulepath: /home/yvesd/.config/discord/0.0.50/modules
2024-04-26T13:51:58.658Z 2: ✅ webContents.created web1 ""
2024-04-26T13:51:58.660Z 3: ✅ window.created win1 "discord"
2024-04-26T13:51:58.867Z 4: ✅ webContents.did-finish-load web1
2024-04-26T13:51:59.075Z 5: ✅ webContents.created web2 ""
2024-04-26T13:51:59.078Z 6: ✅ window.created win2 "Discord"
2024-04-26T13:52:01.089Z 7: ✅ webContents.did-finish-load web2
2024-04-26T13:52:01.189Z 8: window.close win1
2024-04-26T13:52:01.195Z 9: webContents.destroyed web1
2024-04-26T13:52:01.196Z 10: window.closed win1
2024-04-27T19:18:31.775Z 0: 

----------------------------------------------
2024-04-27T19:18:31.790Z 1: Discord starting: {"releaseChannel":"stable","version":"0.0.50"}, modulepath: /home/yvesd/.config/discord/0.0.50/modules
2024-04-27T19:18:31.803Z 2: ✅ webContents.created web1 ""
2024-04-27T19:18:31.806Z 3: ✅ window.created win1 "discord"
2024-04-27T19:18:32.002Z 4: ✅ webContents.did-finish-load web1
2024-04-27T19:18:32.198Z 5: ✅ webContents.created web2 ""
2024-04-27T19:18:32.201Z 6: ✅ window.created win2 "Discord"
2024-04-27T19:18:34.707Z 7: ✅ webContents.did-finish-load web2
2024-04-27T19:18:34.807Z 8: window.close win1
2024-04-27T19:18:34.810Z 9: webContents.destroyed web1
2024-04-27T19:18:34.812Z 10: window.closed win1
2024-04-27T19:22:14.076Z 11: window.close win2
2024-04-27T19:34:58.250Z 0: 

----------------------------------------------
2024-04-27T19:34:58.255Z 1: Discord starting: {"releaseChannel":"stable","version":"0.0.50"}, modulepath: /home/yvesd/.config/discord/0.0.50/modules
2024-04-27T19:35:04.806Z 12: window.close win2
2024-04-27T20:42:18.615Z 0: 

----------------------------------------------
2024-04-27T20:42:18.621Z 1: Discord starting: {"releaseChannel":"stable","version":"0.0.50"}, modulepath: /home/yvesd/.config/discord/0.0.50/modules
2024-04-27T20:42:20.420Z 13: window.close win2
2024-04-27T21:58:41.863Z 0: 

----------------------------------------------
2024-04-27T21:58:41.870Z 1: Discord starting: {"releaseChannel":"stable","version":"0.0.50"}, modulepath: /home/yvesd/.config/discord/0.0.50/modules
2024-04-27T21:58:44.714Z 14: window.close win2
2024-04-27T22:18:51.743Z 0: 

----------------------------------------------
2024-04-27T22:18:51.753Z 1: Discord starting: {"releaseChannel":"stable","version":"0.0.50"}, modulepath: /home/yvesd/.config/discord/0.0.50/modules
2024-04-27T22:19:05.593Z 15: window.close win2
2024-04-28T02:37:29.688Z 16: ❌ child-process-gone { type: 'GPU', reason: 'killed', exitCode: 9, serviceName: 'GPU' }
2024-04-28T02:37:29.730Z 17: before-quit
2024-04-28T02:37:29.732Z 18: window.close win2
2024-04-28T02:37:33.540Z 19: webContents.destroyed web2
2024-04-28T02:38:05.330Z 20: window.closed win2
2024-04-28T19:24:19.918Z 0: 

----------------------------------------------
2024-04-28T19:24:19.929Z 1: Discord starting: {"releaseChannel":"stable","version":"0.0.50"}, modulepath: /home/yvesd/.config/discord/0.0.50/modules
2024-04-28T19:24:19.939Z 2: ✅ webContents.created web1 ""
2024-04-28T19:24:19.941Z 3: ✅ window.created win1 "discord"
2024-04-28T19:24:20.149Z 4: ✅ webContents.did-finish-load web1
2024-04-28T19:24:20.332Z 5: ✅ webContents.created web2 ""
2024-04-28T19:24:20.335Z 6: ✅ window.created win2 "Discord"
2024-04-28T19:24:22.784Z 7: ❌ webContents.did-fail-load web2" -3 
2024-04-28T19:24:23.689Z 8: ✅ webContents.did-finish-load web2
2024-04-28T19:24:23.789Z 9: window.close win1
2024-04-28T19:24:23.793Z 10: webContents.destroyed web1
2024-04-28T19:24:23.794Z 11: window.closed win1
2024-04-29T02:30:50.440Z 0: 

----------------------------------------------
2024-04-29T02:30:50.452Z 1: Discord starting: {"releaseChannel":"stable","version":"0.0.50"}, modulepath: /home/yvesd/.config/discord/0.0.50/modules
2024-04-29T02:30:50.464Z 2: ✅ webContents.created web1 ""
2024-04-29T02:30:50.466Z 3: ✅ window.created win1 "discord"
2024-04-29T02:30:50.677Z 4: ✅ webContents.did-finish-load web1
2024-04-29T02:30:50.881Z 5: ✅ webContents.created web2 ""
2024-04-29T02:30:50.884Z 6: ✅ window.created win2 "Discord"
2024-04-29T02:30:52.339Z 7: ✅ webContents.did-finish-load web2
2024-04-29T02:30:52.440Z 8: window.close win1
2024-04-29T02:30:52.443Z 9: webContents.destroyed web1
2024-04-29T02:30:52.444Z 10: window.closed win1
2024-04-29T06:24:49.649Z 11: ❌ child-process-gone { type: 'GPU', reason: 'killed', exitCode: 9, serviceName: 'GPU' }
2024-04-29T06:24:49.676Z 12: before-quit
2024-04-29T06:24:49.677Z 13: window.close win2
2024-04-29T06:24:50.183Z 14: webContents.destroyed web2
2024-04-29T06:24:50.213Z 15: window.closed win2
2024-04-29T19:09:36.188Z 0: 

----------------------------------------------
2024-04-29T19:09:36.202Z 1: Discord starting: {"releaseChannel":"stable","version":"0.0.50"}, modulepath: /home/yvesd/.config/discord/0.0.50/modules
2024-04-29T19:09:36.215Z 2: ✅ webContents.created web1 ""
2024-04-29T19:09:36.221Z 3: ✅ window.created win1 "discord"
2024-04-29T19:09:36.411Z 4: ✅ webContents.did-finish-load web1
2024-04-29T19:09:36.592Z 5: ✅ webContents.created web2 ""
2024-04-29T19:09:36.595Z 6: ✅ window.created win2 "Discord"
2024-04-29T19:09:38.945Z 7: ✅ webContents.did-finish-load web2
2024-04-29T19:09:39.046Z 8: window.close win1
2024-04-29T19:09:39.049Z 9: webContents.destroyed web1
2024-04-29T19:09:39.050Z 10: window.closed win1
2024-04-30T14:43:14.306Z 0: 

----------------------------------------------
2024-04-30T14:43:14.340Z 1: Discord starting: {"releaseChannel":"stable","version":"0.0.50"}, modulepath: /home/yvesd/.config/discord/0.0.50/modules
2024-04-30T14:43:14.351Z 2: ✅ webContents.created web1 ""
2024-04-30T14:43:14.353Z 3: ✅ window.created win1 "discord"
2024-04-30T14:43:14.567Z 4: ✅ webContents.did-finish-load web1
2024-04-30T14:43:14.763Z 5: ✅ webContents.created web2 ""
2024-04-30T14:43:14.767Z 6: ✅ window.created win2 "Discord"
2024-04-30T14:43:16.752Z 7: ✅ webContents.did-finish-load web2
2024-04-30T14:43:16.852Z 8: window.close win1
2024-04-30T14:43:16.856Z 9: webContents.destroyed web1
2024-04-30T14:43:16.856Z 10: window.closed win1
2024-04-30T14:43:40.473Z 11: before-quit
2024-04-30T14:44:05.076Z 0: 

----------------------------------------------
2024-04-30T14:44:05.087Z 1: Discord starting: {"releaseChannel":"stable","version":"0.0.50"}, modulepath: /home/yvesd/.config/discord/0.0.50/modules
2024-04-30T14:44:05.097Z 2: ✅ webContents.created web1 ""
2024-04-30T14:44:05.099Z 3: ✅ window.created win1 "discord"
2024-04-30T14:44:05.317Z 4: ✅ webContents.created web2 ""
2024-04-30T14:44:05.321Z 5: ✅ window.created win2 "Discord"
2024-04-30T14:44:05.342Z 6: ✅ webContents.did-finish-load web1
2024-04-30T14:44:07.153Z 7: ✅ webContents.did-finish-load web2
2024-04-30T14:44:07.253Z 8: window.close win1
2024-04-30T14:44:07.257Z 9: webContents.destroyed web1
2024-04-30T14:44:07.258Z 10: window.closed win1
2024-04-30T21:07:30.503Z 11: before-quit
2024-04-30T21:07:58.142Z 0: 

----------------------------------------------
2024-04-30T21:07:58.155Z 1: Discord starting: {"releaseChannel":"stable","version":"0.0.50"}, modulepath: /home/yvesd/.config/discord/0.0.50/modules
2024-04-30T21:07:58.167Z 2: ✅ webContents.created web1 ""
2024-04-30T21:07:58.169Z 3: ✅ window.created win1 "discord"
2024-04-30T21:07:58.363Z 4: ✅ webContents.did-finish-load web1
2024-04-30T21:07:58.583Z 5: ✅ webContents.created web2 ""
2024-04-30T21:07:58.587Z 6: ✅ window.created win2 "Discord"
2024-04-30T21:08:01.116Z 7: ✅ webContents.did-finish-load web2
2024-04-30T21:08:01.217Z 8: window.close win1
2024-04-30T21:08:01.219Z 9: webContents.destroyed web1
2024-04-30T21:08:01.220Z 10: window.closed win1
2024-05-01T13:17:27.539Z 0: 

----------------------------------------------
2024-05-01T13:17:27.551Z 1: Discord starting: {"releaseChannel":"stable","version":"0.0.50"}, modulepath: /home/yvesd/.config/discord/0.0.50/modules
2024-05-01T13:17:27.564Z 2: ✅ webContents.created web1 ""
2024-05-01T13:17:27.566Z 3: ✅ window.created win1 "discord"
2024-05-01T13:17:27.781Z 4: ✅ webContents.did-finish-load web1
2024-05-01T13:17:27.984Z 5: ✅ webContents.created web2 ""
2024-05-01T13:17:27.988Z 6: ✅ window.created win2 "Discord"
2024-05-01T13:17:30.690Z 7: ✅ webContents.did-finish-load web2
2024-05-01T13:17:30.791Z 8: window.close win1
2024-05-01T13:17:30.795Z 9: webContents.destroyed web1
2024-05-01T13:17:30.796Z 10: window.closed win1
2024-05-01T13:18:31.120Z 0: 

----------------------------------------------
2024-05-01T13:18:31.129Z 1: Discord starting: {"releaseChannel":"stable","version":"0.0.50"}, modulepath: /home/yvesd/.config/discord/0.0.50/modules
2024-05-01T13:18:31.139Z 2: ✅ webContents.created web1 ""
2024-05-01T13:18:31.141Z 3: ✅ window.created win1 "discord"
2024-05-01T13:18:31.375Z 4: ✅ webContents.created web2 ""
2024-05-01T13:18:31.379Z 5: ✅ window.created win2 "Discord"
2024-05-01T13:18:31.393Z 6: ✅ webContents.did-finish-load web1
2024-05-01T13:18:33.230Z 7: ✅ webContents.did-finish-load web2
2024-05-01T13:18:33.332Z 8: window.close win1
2024-05-01T13:18:33.335Z 9: webContents.destroyed web1
2024-05-01T13:18:33.336Z 10: window.closed win1
2024-05-01T18:23:22.369Z 11: before-quit
2024-05-01T18:23:48.042Z 0: 

----------------------------------------------
2024-05-01T18:23:48.053Z 1: Discord starting: {"releaseChannel":"stable","version":"0.0.50"}, modulepath: /home/yvesd/.config/discord/0.0.50/modules
2024-05-01T18:23:48.067Z 2: ✅ webContents.created web1 ""
2024-05-01T18:23:48.071Z 3: ✅ window.created win1 "discord"
2024-05-01T18:23:48.273Z 4: ✅ webContents.did-finish-load web1
2024-05-01T18:23:48.449Z 5: ✅ webContents.created web2 ""
2024-05-01T18:23:48.452Z 6: ✅ window.created win2 "Discord"
2024-05-01T18:23:50.131Z 7: ✅ webContents.did-finish-load web2
2024-05-01T18:23:50.231Z 8: window.close win1
2024-05-01T18:23:50.234Z 9: webContents.destroyed web1
2024-05-01T18:23:50.235Z 10: window.closed win1
2024-05-02T13:36:59.062Z 0: 

----------------------------------------------
2024-05-02T13:36:59.074Z 1: Discord starting: {"releaseChannel":"stable","version":"0.0.50"}, modulepath: /home/yvesd/.config/discord/0.0.50/modules
2024-05-02T13:36:59.086Z 2: ✅ webContents.created web1 ""
2024-05-02T13:36:59.089Z 3: ✅ window.created win1 "discord"
2024-05-02T13:36:59.283Z 4: ✅ webContents.did-finish-load web1
2024-05-02T13:36:59.466Z 5: ✅ webContents.created web2 ""
2024-05-02T13:36:59.470Z 6: ✅ window.created win2 "Discord"
2024-05-02T13:37:01.693Z 7: ✅ webContents.did-finish-load web2
2024-05-02T13:37:01.793Z 8: window.close win1
2024-05-02T13:37:01.798Z 9: webContents.destroyed web1
2024-05-02T13:37:01.799Z 10: window.closed win1
2024-05-02T13:37:42.569Z 11: window.close win2
2024-05-02T15:38:43.155Z 0: 

----------------------------------------------
2024-05-02T15:38:43.159Z 1: Discord starting: {"releaseChannel":"stable","version":"0.0.50"}, modulepath: /home/yvesd/.config/discord/0.0.50/modules
2024-05-02T15:38:48.709Z 12: window.close win2
2024-05-02T16:15:43.606Z 0: 

----------------------------------------------
2024-05-02T16:15:43.612Z 1: Discord starting: {"releaseChannel":"stable","version":"0.0.50"}, modulepath: /home/yvesd/.config/discord/0.0.50/modules
2024-05-02T20:00:41.631Z 0: 

----------------------------------------------
2024-05-02T20:00:41.643Z 1: Discord starting: {"releaseChannel":"stable","version":"0.0.50"}, modulepath: /home/yvesd/.config/discord/0.0.50/modules
2024-05-02T20:00:41.657Z 2: ✅ webContents.created web1 ""
2024-05-02T20:00:41.660Z 3: ✅ window.created win1 "discord"
2024-05-02T20:00:41.869Z 4: ✅ webContents.did-finish-load web1
2024-05-02T20:00:42.046Z 5: ✅ webContents.created web2 ""
2024-05-02T20:00:42.049Z 6: ✅ window.created win2 "Discord"
2024-05-02T20:00:43.758Z 7: ✅ webContents.did-finish-load web2
2024-05-02T20:00:43.860Z 8: window.close win1
2024-05-02T20:00:43.864Z 9: webContents.destroyed web1
2024-05-02T20:00:43.865Z 10: window.closed win1
2024-05-03T02:42:51.428Z 0: 

----------------------------------------------
2024-05-03T02:42:51.458Z 1: Discord starting: {"releaseChannel":"stable","version":"0.0.50"}, modulepath: /home/yvesd/.config/discord/0.0.50/modules
2024-05-03T02:42:51.468Z 2: ✅ webContents.created web1 ""
2024-05-03T02:42:51.470Z 3: ✅ window.created win1 "discord"
2024-05-03T02:42:51.685Z 4: ✅ webContents.did-finish-load web1
2024-05-03T02:42:51.939Z 5: ✅ webContents.created web2 ""
2024-05-03T02:42:51.942Z 6: ✅ window.created win2 "Discord"
2024-05-03T02:42:54.235Z 7: ✅ webContents.did-finish-load web2
2024-05-03T02:42:54.336Z 8: window.close win1
2024-05-03T02:42:54.339Z 9: webContents.destroyed web1
2024-05-03T02:42:54.341Z 10: window.closed win1
2024-05-03T14:46:03.334Z 0: 

----------------------------------------------
2024-05-03T14:46:03.349Z 1: Discord starting: {"releaseChannel":"stable","version":"0.0.50"}, modulepath: /home/yvesd/.config/discord/0.0.50/modules
2024-05-03T14:46:03.359Z 2: ✅ webContents.created web1 ""
2024-05-03T14:46:03.361Z 3: ✅ window.created win1 "discord"
2024-05-03T14:46:03.543Z 4: ✅ webContents.did-finish-load web1
2024-05-03T14:46:03.794Z 5: ✅ webContents.created web2 ""
2024-05-03T14:46:03.797Z 6: ✅ window.created win2 "Discord"
2024-05-03T14:46:05.554Z 7: ✅ webContents.did-finish-load web2
2024-05-03T14:46:05.655Z 8: window.close win1
2024-05-03T14:46:05.659Z 9: webContents.destroyed web1
2024-05-03T14:46:05.660Z 10: window.closed win1
2024-05-03T20:07:03.540Z 11: before-quit
2024-05-03T20:07:33.482Z 0: 

----------------------------------------------
2024-05-03T20:07:33.495Z 1: Discord starting: {"releaseChannel":"stable","version":"0.0.50"}, modulepath: /home/yvesd/.config/discord/0.0.50/modules
2024-05-03T20:07:33.504Z 2: ✅ webContents.created web1 ""
2024-05-03T20:07:33.506Z 3: ✅ window.created win1 "discord"
2024-05-03T20:07:33.710Z 4: ✅ webContents.did-finish-load web1
2024-05-03T20:07:33.906Z 5: ✅ webContents.created web2 ""
2024-05-03T20:07:33.909Z 6: ✅ window.created win2 "Discord"
2024-05-03T20:07:36.352Z 7: ✅ webContents.did-finish-load web2
2024-05-03T20:07:36.453Z 8: window.close win1
2024-05-03T20:07:36.456Z 9: webContents.destroyed web1
2024-05-03T20:07:36.457Z 10: window.closed win1
2024-05-03T20:10:31.998Z 11: window.close win2
2024-05-04T18:49:38.527Z 0: 

----------------------------------------------
2024-05-04T18:49:38.543Z 1: Discord starting: {"releaseChannel":"stable","version":"0.0.50"}, modulepath: /home/yvesd/.config/discord/0.0.50/modules
2024-05-04T18:49:38.557Z 2: ✅ webContents.created web1 ""
2024-05-04T18:49:38.559Z 3: ✅ window.created win1 "discord"
2024-05-04T18:49:38.769Z 4: ✅ webContents.did-finish-load web1
2024-05-04T18:49:38.947Z 5: ✅ webContents.created web2 ""
2024-05-04T18:49:38.951Z 6: ✅ window.created win2 "Discord"
2024-05-04T18:49:40.653Z 7: ✅ webContents.did-finish-load web2
2024-05-04T18:49:40.754Z 8: window.close win1
2024-05-04T18:49:40.758Z 9: webContents.destroyed web1
2024-05-04T18:49:40.759Z 10: window.closed win1
2024-05-05T18:48:34.839Z 0: 

----------------------------------------------
2024-05-05T18:48:34.852Z 1: Discord starting: {"releaseChannel":"stable","version":"0.0.50"}, modulepath: /home/yvesd/.config/discord/0.0.50/modules
2024-05-05T18:48:34.863Z 2: ✅ webContents.created web1 ""
2024-05-05T18:48:34.865Z 3: ✅ window.created win1 "discord"
2024-05-05T18:48:35.069Z 4: ✅ webContents.did-finish-load web1
2024-05-05T18:48:35.245Z 5: ✅ webContents.created web2 ""
2024-05-05T18:48:35.250Z 6: ✅ window.created win2 "Discord"
2024-05-05T18:48:36.920Z 7: ✅ webContents.did-finish-load web2
2024-05-05T18:48:37.020Z 8: window.close win1
2024-05-05T18:48:37.024Z 9: webContents.destroyed web1
2024-05-05T18:48:37.025Z 10: window.closed win1
2024-05-05T19:45:53.867Z 11: window.close win2
2024-05-05T19:55:08.854Z 0: 

----------------------------------------------
2024-05-05T19:55:08.865Z 1: Discord starting: {"releaseChannel":"stable","version":"0.0.50"}, modulepath: /home/yvesd/.config/discord/0.0.50/modules
2024-05-06T12:03:19.194Z 0: 

----------------------------------------------
2024-05-06T12:03:19.224Z 1: Discord starting: {"releaseChannel":"stable","version":"0.0.50"}, modulepath: /home/yvesd/.config/discord/0.0.50/modules
2024-05-06T12:03:19.236Z 2: ✅ webContents.created web1 ""
2024-05-06T12:03:19.238Z 3: ✅ window.created win1 "discord"
2024-05-06T12:03:19.448Z 4: ✅ webContents.did-finish-load web1
2024-05-06T12:03:19.681Z 5: ✅ webContents.created web2 ""
2024-05-06T12:03:19.685Z 6: ✅ window.created win2 "Discord"
2024-05-06T12:03:21.390Z 7: ✅ webContents.did-finish-load web2
2024-05-06T12:03:21.491Z 8: window.close win1
2024-05-06T12:03:21.494Z 9: webContents.destroyed web1
2024-05-06T12:03:21.495Z 10: window.closed win1
2024-05-06T19:08:07.699Z 0: 

----------------------------------------------
2024-05-06T19:08:07.711Z 1: Discord starting: {"releaseChannel":"stable","version":"0.0.50"}, modulepath: /home/yvesd/.config/discord/0.0.50/modules
2024-05-06T19:08:07.725Z 2: ✅ webContents.created web1 ""
2024-05-06T19:08:07.727Z 3: ✅ window.created win1 "discord"
2024-05-06T19:08:07.935Z 4: ✅ webContents.did-finish-load web1
2024-05-06T19:08:08.127Z 5: ✅ webContents.created web2 ""
2024-05-06T19:08:08.131Z 6: ✅ window.created win2 "Discord"
2024-05-06T19:08:09.789Z 7: ✅ webContents.did-finish-load web2
2024-05-06T19:08:09.890Z 8: window.close win1
2024-05-06T19:08:09.895Z 9: webContents.destroyed web1
2024-05-06T19:08:09.896Z 10: window.closed win1
2024-05-07T13:15:24.364Z 0: 

----------------------------------------------
2024-05-07T13:15:24.373Z 1: Discord starting: {"releaseChannel":"stable","version":"0.0.50"}, modulepath: /home/yvesd/.config/discord/0.0.50/modules
2024-05-07T13:15:24.385Z 2: ✅ webContents.created web1 ""
2024-05-07T13:15:24.387Z 3: ✅ window.created win1 "discord"
2024-05-07T13:15:24.605Z 4: ✅ webContents.did-finish-load web1
2024-05-07T13:15:24.774Z 5: ✅ webContents.created web2 ""
2024-05-07T13:15:24.776Z 6: ✅ window.created win2 "Discord"
2024-05-07T13:15:27.012Z 7: ✅ webContents.did-finish-load web2
2024-05-07T13:15:27.112Z 8: window.close win1
2024-05-07T13:15:27.115Z 9: webContents.destroyed web1
2024-05-07T13:15:27.116Z 10: window.closed win1
2024-05-07T13:15:31.745Z 11: before-quit
2024-05-07T13:15:57.033Z 0: 

----------------------------------------------
2024-05-07T13:15:57.044Z 1: Discord starting: {"releaseChannel":"stable","version":"0.0.50"}, modulepath: /home/yvesd/.config/discord/0.0.50/modules
2024-05-07T13:15:57.056Z 2: ✅ webContents.created web1 ""
2024-05-07T13:15:57.058Z 3: ✅ window.created win1 "discord"
2024-05-07T13:15:57.278Z 4: ✅ webContents.created web2 ""
2024-05-07T13:15:57.283Z 5: ✅ window.created win2 "Discord"
2024-05-07T13:15:57.299Z 6: ✅ webContents.did-finish-load web1
2024-05-07T13:15:59.126Z 7: ✅ webContents.did-finish-load web2
2024-05-07T13:15:59.226Z 8: window.close win1
2024-05-07T13:15:59.229Z 9: webContents.destroyed web1
2024-05-07T13:15:59.230Z 10: window.closed win1
2024-05-07T13:17:56.639Z 11: before-quit
2024-05-07T13:18:19.256Z 0: 

----------------------------------------------
2024-05-07T13:18:19.270Z 1: Discord starting: {"releaseChannel":"stable","version":"0.0.50"}, modulepath: /home/yvesd/.config/discord/0.0.50/modules
2024-05-07T13:18:19.286Z 2: ✅ webContents.created web1 ""
2024-05-07T13:18:19.289Z 3: ✅ window.created win1 "discord"
2024-05-07T13:18:19.497Z 4: ✅ webContents.created web2 ""
2024-05-07T13:18:19.502Z 5: ✅ window.created win2 "Discord"
2024-05-07T13:18:19.516Z 6: ✅ webContents.did-finish-load web1
2024-05-07T13:18:21.260Z 7: ✅ webContents.did-finish-load web2
2024-05-07T13:18:21.361Z 8: window.close win1
2024-05-07T13:18:21.365Z 9: webContents.destroyed web1
2024-05-07T13:18:21.366Z 10: window.closed win1
2024-05-08T14:11:56.270Z 0: 

----------------------------------------------
2024-05-08T14:11:56.281Z 1: Discord starting: {"releaseChannel":"stable","version":"0.0.50"}, modulepath: /home/yvesd/.config/discord/0.0.50/modules
2024-05-08T14:11:56.292Z 2: ✅ webContents.created web1 ""
2024-05-08T14:11:56.296Z 3: ✅ window.created win1 "discord"
2024-05-08T14:11:56.510Z 4: ✅ webContents.did-finish-load web1
2024-05-08T14:11:56.694Z 5: ✅ webContents.created web2 ""
2024-05-08T14:11:56.698Z 6: ✅ window.created win2 "Discord"
2024-05-08T14:11:58.303Z 7: ✅ webContents.did-finish-load web2
2024-05-08T14:11:58.403Z 8: window.close win1
2024-05-08T14:11:58.407Z 9: webContents.destroyed web1
2024-05-08T14:11:58.408Z 10: window.closed win1
2024-05-08T14:11:59.760Z 11: window.close win2
2024-05-08T15:59:40.895Z 12: window.close win2
2024-05-08T17:22:31.836Z 13: before-quit
2024-05-08T17:23:02.904Z 0: 

----------------------------------------------
2024-05-08T17:23:02.915Z 1: Discord starting: {"releaseChannel":"stable","version":"0.0.50"}, modulepath: /home/yvesd/.config/discord/0.0.50/modules
2024-05-08T17:23:02.924Z 2: ✅ webContents.created web1 ""
2024-05-08T17:23:02.927Z 3: ✅ window.created win1 "discord"
2024-05-08T17:23:03.147Z 4: ✅ webContents.did-finish-load web1
2024-05-08T17:23:03.380Z 5: ✅ webContents.created web2 ""
2024-05-08T17:23:03.383Z 6: ✅ window.created win2 "Discord"
2024-05-08T17:23:04.956Z 7: ✅ webContents.did-finish-load web2
2024-05-08T17:23:05.057Z 8: window.close win1
2024-05-08T17:23:05.060Z 9: webContents.destroyed web1
2024-05-08T17:23:05.061Z 10: window.closed win1
2024-05-08T17:23:13.300Z 11: window.close win2
2024-05-09T04:20:20.107Z 12: ❌ child-process-gone { type: 'GPU', reason: 'killed', exitCode: 9, serviceName: 'GPU' }
2024-05-09T04:20:20.135Z 13: before-quit
2024-05-09T04:20:20.137Z 14: window.close win2
2024-05-09T04:20:20.455Z 15: webContents.destroyed web2
2024-05-09T04:20:21.863Z 16: window.closed win2
2024-05-09T13:56:40.837Z 0: 

----------------------------------------------
2024-05-09T13:56:40.847Z 1: Discord starting: {"releaseChannel":"stable","version":"0.0.50"}, modulepath: /home/yvesd/.config/discord/0.0.50/modules
2024-05-09T13:56:40.859Z 2: ✅ webContents.created web1 ""
2024-05-09T13:56:40.861Z 3: ✅ window.created win1 "discord"
2024-05-09T13:56:41.073Z 4: ✅ webContents.did-finish-load web1
2024-05-09T13:56:41.254Z 5: ✅ webContents.created web2 ""
2024-05-09T13:56:41.258Z 6: ✅ window.created win2 "Discord"
2024-05-09T13:56:43.152Z 7: ✅ webContents.did-finish-load web2
2024-05-09T13:56:43.254Z 8: window.close win1
2024-05-09T13:56:43.258Z 9: webContents.destroyed web1
2024-05-09T13:56:43.259Z 10: window.closed win1
2024-05-09T14:01:10.528Z 11: window.close win2
2024-05-09T20:48:42.537Z 0: 

----------------------------------------------
2024-05-09T20:48:42.543Z 1: Discord starting: {"releaseChannel":"stable","version":"0.0.50"}, modulepath: /home/yvesd/.config/discord/0.0.50/modules
2024-05-10T12:23:29.049Z 0: 

----------------------------------------------
2024-05-10T12:23:29.058Z 1: Discord starting: {"releaseChannel":"stable","version":"0.0.50"}, modulepath: /home/yvesd/.config/discord/0.0.50/modules
2024-05-10T12:23:29.068Z 2: ✅ webContents.created web1 ""
2024-05-10T12:23:29.070Z 3: ✅ window.created win1 "discord"
2024-05-10T12:23:29.264Z 4: ✅ webContents.did-finish-load web1
2024-05-10T12:23:29.506Z 5: ✅ webContents.created web2 ""
2024-05-10T12:23:29.509Z 6: ✅ window.created win2 "Discord"
2024-05-10T12:23:31.398Z 7: ✅ webContents.did-finish-load web2
2024-05-10T12:23:31.499Z 8: window.close win1
2024-05-10T12:23:31.503Z 9: webContents.destroyed web1
2024-05-10T12:23:31.504Z 10: window.closed win1
2024-05-10T12:25:28.597Z 11: window.close win2
2024-05-10T16:19:14.977Z 12: window.close win2
2024-05-10T22:07:16.406Z 0: 

----------------------------------------------
2024-05-10T22:07:16.413Z 1: Discord starting: {"releaseChannel":"stable","version":"0.0.50"}, modulepath: /home/yvesd/.config/discord/0.0.50/modules
2024-05-10T22:34:11.729Z 13: before-quit
2024-05-10T22:34:11.733Z 14: window.close win2
2024-05-10T22:34:11.734Z 15: ❌ child-process-gone {
  type: 'Utility',
  reason: 'killed',
  exitCode: 15,
  serviceName: 'audio.mojom.AudioService',
  name: 'Audio Service'
}
2024-05-10T22:34:11.747Z 16: ❌ child-process-gone {
  type: 'Utility',
  reason: 'killed',
  exitCode: 15,
  serviceName: 'network.mojom.NetworkService',
  name: 'Network Service'
}
2024-05-10T22:34:37.152Z 0: 

----------------------------------------------
2024-05-10T22:34:37.165Z 1: Discord starting: {"releaseChannel":"stable","version":"0.0.50"}, modulepath: /home/yvesd/.config/discord/0.0.50/modules
2024-05-10T22:34:37.178Z 2: ✅ webContents.created web1 ""
2024-05-10T22:34:37.182Z 3: ✅ window.created win1 "discord"
2024-05-10T22:34:37.370Z 4: ✅ webContents.did-finish-load web1
2024-05-10T22:34:37.569Z 5: ✅ webContents.created web2 ""
2024-05-10T22:34:37.573Z 6: ✅ window.created win2 "Discord"
2024-05-10T22:34:39.299Z 7: ✅ webContents.did-finish-load web2
2024-05-10T22:34:39.400Z 8: window.close win1
2024-05-10T22:34:39.404Z 9: webContents.destroyed web1
2024-05-10T22:34:39.405Z 10: window.closed win1
2024-05-11T18:56:16.913Z 0: 

----------------------------------------------
2024-05-11T18:56:16.924Z 1: Discord starting: {"releaseChannel":"stable","version":"0.0.50"}, modulepath: /home/yvesd/.config/discord/0.0.50/modules
2024-05-11T18:56:16.936Z 2: ✅ webContents.created web1 ""
2024-05-11T18:56:16.938Z 3: ✅ window.created win1 "discord"
2024-05-11T18:56:17.150Z 4: ✅ webContents.did-finish-load web1
2024-05-11T18:56:17.399Z 5: ✅ webContents.created web2 ""
2024-05-11T18:56:17.403Z 6: ✅ window.created win2 "Discord"
2024-05-11T18:56:18.990Z 7: ✅ webContents.did-finish-load web2
2024-05-11T18:56:19.090Z 8: window.close win1
2024-05-11T18:56:19.094Z 9: webContents.destroyed web1
2024-05-11T18:56:19.095Z 10: window.closed win1
2024-05-11T19:22:11.645Z 0: 

----------------------------------------------
2024-05-11T19:22:11.649Z 1: Discord starting: {"releaseChannel":"stable","version":"0.0.50"}, modulepath: /home/yvesd/.config/discord/0.0.50/modules
2024-05-12T18:55:33.216Z 0: 

----------------------------------------------
2024-05-12T18:55:33.268Z 1: Discord starting: {"releaseChannel":"stable","version":"0.0.50"}, modulepath: /home/yvesd/.config/discord/0.0.50/modules
2024-05-12T18:55:33.279Z 2: ✅ webContents.created web1 ""
2024-05-12T18:55:33.281Z 3: ✅ window.created win1 "discord"
2024-05-12T18:55:33.455Z 4: ✅ webContents.did-finish-load web1
2024-05-12T18:55:33.697Z 5: ✅ webContents.created web2 ""
2024-05-12T18:55:33.701Z 6: ✅ window.created win2 "Discord"
2024-05-12T18:55:35.449Z 7: ✅ webContents.did-finish-load web2
2024-05-12T18:55:35.550Z 8: window.close win1
2024-05-12T18:55:35.553Z 9: webContents.destroyed web1
2024-05-12T18:55:35.554Z 10: window.closed win1
2024-05-12T19:17:59.148Z 11: window.close win2
2024-05-12T21:11:00.190Z 12: window.close win2
2024-05-12T21:11:05.343Z 0: 

----------------------------------------------
2024-05-12T21:11:05.353Z 1: Discord starting: {"releaseChannel":"stable","version":"0.0.50"}, modulepath: /home/yvesd/.config/discord/0.0.50/modules
2024-05-12T21:11:14.258Z 13: window.close win2
2024-05-12T22:25:29.943Z 0: 

----------------------------------------------
2024-05-12T22:25:29.954Z 1: Discord starting: {"releaseChannel":"stable","version":"0.0.50"}, modulepath: /home/yvesd/.config/discord/0.0.50/modules
2024-05-12T22:25:32.580Z 14: window.close win2
2024-05-13T14:37:25.084Z 0: 

----------------------------------------------
2024-05-13T14:37:25.113Z 1: Discord starting: {"releaseChannel":"stable","version":"0.0.50"}, modulepath: /home/yvesd/.config/discord/0.0.50/modules
2024-05-13T14:37:25.117Z 2: ✅ webContents.created web1 ""
2024-05-13T14:37:25.118Z 3: ✅ window.created win1 "discord"
2024-05-13T14:37:25.326Z 4: ✅ webContents.did-finish-load web1
2024-05-13T14:37:25.513Z 5: ✅ webContents.created web2 ""
2024-05-13T14:37:25.517Z 6: ✅ window.created win2 "Discord"
2024-05-13T14:37:27.200Z 7: ✅ webContents.did-finish-load web2
2024-05-13T14:37:27.300Z 8: window.close win1
2024-05-13T14:37:27.307Z 9: webContents.destroyed web1
2024-05-13T14:37:27.308Z 10: window.closed win1
2024-05-13T14:37:46.730Z 11: window.close win2
2024-05-13T18:07:06.465Z 12: window.close win2
2024-05-13T18:09:01.478Z 0: 

----------------------------------------------
2024-05-13T18:09:01.482Z 1: Discord starting: {"releaseChannel":"stable","version":"0.0.50"}, modulepath: /home/yvesd/.config/discord/0.0.50/modules
2024-05-13T18:10:02.584Z 13: window.close win2
2024-05-13T18:49:50.939Z 0: 

----------------------------------------------
2024-05-13T18:49:50.942Z 1: Discord starting: {"releaseChannel":"stable","version":"0.0.50"}, modulepath: /home/yvesd/.config/discord/0.0.50/modules
2024-05-14T01:11:41.861Z 0: 

----------------------------------------------
2024-05-14T01:11:41.872Z 1: Discord starting: {"releaseChannel":"stable","version":"0.0.50"}, modulepath: /home/yvesd/.config/discord/0.0.50/modules
2024-05-14T01:11:41.887Z 2: ✅ webContents.created web1 ""
2024-05-14T01:11:41.890Z 3: ✅ window.created win1 "discord"
2024-05-14T01:11:42.103Z 4: ✅ webContents.did-finish-load web1
2024-05-14T01:11:42.271Z 5: ✅ webContents.created web2 ""
2024-05-14T01:11:42.275Z 6: ✅ window.created win2 "Discord"
2024-05-14T01:11:44.212Z 7: ✅ webContents.did-finish-load web2
2024-05-14T01:11:44.312Z 8: window.close win1
2024-05-14T01:11:44.317Z 9: webContents.destroyed web1
2024-05-14T01:11:44.318Z 10: window.closed win1
2024-05-14T04:23:10.742Z 11: ❌ child-process-gone { type: 'GPU', reason: 'killed', exitCode: 9, serviceName: 'GPU' }
2024-05-14T04:23:10.772Z 12: before-quit
2024-05-14T04:23:10.773Z 13: window.close win2
2024-05-14T04:23:11.164Z 14: webContents.destroyed web2
2024-05-14T04:23:11.250Z 15: window.closed win2
2024-05-14T11:57:57.014Z 0: 

----------------------------------------------
2024-05-14T11:57:57.026Z 1: Discord starting: {"releaseChannel":"stable","version":"0.0.50"}, modulepath: /home/yvesd/.config/discord/0.0.50/modules
2024-05-14T11:57:57.042Z 2: ✅ webContents.created web1 ""
2024-05-14T11:57:57.044Z 3: ✅ window.created win1 "discord"
2024-05-14T11:57:57.263Z 4: ✅ webContents.did-finish-load web1
2024-05-14T11:57:57.509Z 5: ✅ webContents.created web2 ""
2024-05-14T11:57:57.513Z 6: ✅ window.created win2 "Discord"
2024-05-14T11:57:59.303Z 7: ✅ webContents.did-finish-load web2
2024-05-14T11:57:59.404Z 8: window.close win1
2024-05-14T11:57:59.408Z 9: webContents.destroyed web1
2024-05-14T11:57:59.409Z 10: window.closed win1
2024-05-14T11:58:05.700Z 11: before-quit
2024-05-14T11:58:34.089Z 0: 

----------------------------------------------
2024-05-14T11:58:34.102Z 1: Discord starting: {"releaseChannel":"stable","version":"0.0.50"}, modulepath: /home/yvesd/.config/discord/0.0.50/modules
2024-05-14T11:58:34.112Z 2: ✅ webContents.created web1 ""
2024-05-14T11:58:34.115Z 3: ✅ window.created win1 "discord"
2024-05-14T11:58:34.324Z 4: ✅ webContents.created web2 ""
2024-05-14T11:58:34.328Z 5: ✅ window.created win2 "Discord"
2024-05-14T11:58:34.340Z 6: ✅ webContents.did-finish-load web1
2024-05-14T11:58:36.076Z 7: ✅ webContents.did-finish-load web2
2024-05-14T11:58:36.177Z 8: window.close win1
2024-05-14T11:58:36.180Z 9: webContents.destroyed web1
2024-05-14T11:58:36.181Z 10: window.closed win1
