2024-11-04T19:36:54.081Z 0: 

----------------------------------------------
2024-11-04T19:38:11.519Z 0: 

----------------------------------------------
2024-11-04T19:38:11.545Z 1: Discord starting: {"releaseChannel":"stable","version":"0.0.72"}, modulepath: /home/yvesd/.config/discord/0.0.72/modules
2024-11-04T19:38:11.558Z 2: ✅ webContents.created web1 ""
2024-11-04T19:38:11.567Z 3: ✅ window.created win1 "discord"
2024-11-04T19:38:12.007Z 4: ✅ webContents.did-finish-load web1
2024-11-04T19:38:55.903Z 5: ✅ webContents.created web2 ""
2024-11-04T19:38:55.907Z 6: ✅ window.created win2 "Discord"
2024-11-04T19:39:00.367Z 7: ✅ webContents.did-finish-load web2
2024-11-04T19:39:00.468Z 8: window.close win1
2024-11-04T19:39:00.473Z 9: webContents.destroyed web1
2024-11-04T19:39:00.474Z 10: window.closed win1
2024-11-04T20:04:55.225Z 11: before-quit
2024-11-04T20:05:19.886Z 0: 

----------------------------------------------
2024-11-04T20:05:19.899Z 1: Discord starting: {"releaseChannel":"stable","version":"0.0.72"}, modulepath: /home/yvesd/.config/discord/0.0.72/modules
2024-11-04T20:05:19.907Z 2: ✅ webContents.created web1 ""
2024-11-04T20:05:19.909Z 3: ✅ window.created win1 "discord"
2024-11-04T20:05:20.203Z 4: ✅ webContents.did-finish-load web1
2024-11-04T20:05:50.461Z 5: ✅ webContents.created web2 ""
2024-11-04T20:05:50.464Z 6: ✅ window.created win2 "Discord"
2024-11-04T20:05:52.552Z 7: ✅ webContents.did-finish-load web2
2024-11-04T20:05:52.654Z 8: window.close win1
2024-11-04T20:05:52.661Z 9: webContents.destroyed web1
2024-11-04T20:05:52.662Z 10: window.closed win1
2024-11-04T23:05:11.063Z 0: 

----------------------------------------------
2024-11-04T23:05:11.078Z 1: Discord starting: {"releaseChannel":"stable","version":"0.0.72"}, modulepath: /home/yvesd/.config/discord/0.0.72/modules
2024-11-04T23:05:11.087Z 2: ✅ webContents.created web1 ""
2024-11-04T23:05:11.092Z 3: ✅ window.created win1 "discord"
2024-11-04T23:05:11.421Z 4: ✅ webContents.did-finish-load web1
2024-11-04T23:05:21.577Z 5: ✅ webContents.created web2 ""
2024-11-04T23:05:21.581Z 6: ✅ window.created win2 "Discord"
2024-11-04T23:05:22.997Z 7: ✅ webContents.did-finish-load web2
2024-11-04T23:05:23.097Z 8: window.close win1
2024-11-04T23:05:23.101Z 9: webContents.destroyed web1
2024-11-04T23:05:23.102Z 10: window.closed win1
