2024-08-22T15:53:26.301Z 0: 

----------------------------------------------
2024-08-22T15:53:26.308Z 1: Discord starting: {"releaseChannel":"stable","version":"0.0.63"}, modulepath: /home/yvesd/.config/discord/0.0.63/modules
2024-08-22T15:53:26.314Z 2: ✅ webContents.created web1 ""
2024-08-22T15:53:26.319Z 3: ✅ window.created win1 "discord"
2024-08-22T15:53:26.540Z 4: ✅ webContents.did-finish-load web1
2024-08-22T15:53:29.250Z 5: ✅ webContents.created web2 ""
2024-08-22T15:53:29.260Z 6: ✅ window.created win2 "Discord"
2024-08-22T15:53:30.502Z 7: ✅ webContents.did-finish-load web2
2024-08-22T15:53:30.601Z 8: window.close win1
2024-08-22T15:53:30.606Z 9: webContents.destroyed web1
2024-08-22T15:53:30.608Z 10: window.closed win1
2024-08-22T15:59:53.829Z 11: before-quit
2024-08-22T15:59:53.835Z 12: window.close win2
2024-08-22T15:59:53.836Z 13: ❌ child-process-gone {
  type: 'Utility',
  reason: 'killed',
  exitCode: 15,
  serviceName: 'audio.mojom.AudioService',
  name: 'Audio Service'
}
2024-08-22T15:59:53.840Z 14: ❌ child-process-gone {
  type: 'Utility',
  reason: 'killed',
  exitCode: 15,
  serviceName: 'network.mojom.NetworkService',
  name: 'Network Service'
}
2024-08-22T16:00:24.085Z 0: 

----------------------------------------------
2024-08-22T16:00:24.100Z 1: Discord starting: {"releaseChannel":"stable","version":"0.0.63"}, modulepath: /home/yvesd/.config/discord/0.0.63/modules
2024-08-22T16:00:24.107Z 2: ✅ webContents.created web1 ""
2024-08-22T16:00:24.111Z 3: ✅ window.created win1 "discord"
2024-08-22T16:00:24.434Z 4: ✅ webContents.did-finish-load web1
2024-08-22T16:00:24.684Z 5: ✅ webContents.created web2 ""
2024-08-22T16:00:24.688Z 6: ✅ window.created win2 "Discord"
2024-08-22T16:00:26.712Z 7: ✅ webContents.did-finish-load web2
2024-08-22T16:00:26.814Z 8: window.close win1
2024-08-22T16:00:26.818Z 9: webContents.destroyed web1
2024-08-22T16:00:26.819Z 10: window.closed win1
2024-08-22T16:05:56.864Z 11: before-quit
2024-08-22T16:06:24.006Z 0: 

----------------------------------------------
2024-08-22T16:06:24.020Z 1: Discord starting: {"releaseChannel":"stable","version":"0.0.63"}, modulepath: /home/yvesd/.config/discord/0.0.63/modules
2024-08-22T16:06:24.026Z 2: ✅ webContents.created web1 ""
2024-08-22T16:06:24.027Z 3: ✅ window.created win1 "discord"
2024-08-22T16:06:24.388Z 4: ✅ webContents.did-finish-load web1
2024-08-22T16:06:24.631Z 5: ✅ webContents.created web2 ""
2024-08-22T16:06:24.635Z 6: ✅ window.created win2 "Discord"
2024-08-22T16:06:26.306Z 7: ✅ webContents.did-finish-load web2
2024-08-22T16:06:26.407Z 8: window.close win1
2024-08-22T16:06:26.411Z 9: webContents.destroyed web1
2024-08-22T16:06:26.412Z 10: window.closed win1
2024-08-22T16:14:12.091Z 11: before-quit
2024-08-22T16:14:12.093Z 12: window.close win2
2024-08-22T16:14:12.101Z 13: ❌ child-process-gone {
  type: 'Utility',
  reason: 'killed',
  exitCode: 15,
  serviceName: 'audio.mojom.AudioService',
  name: 'Audio Service'
}
2024-08-22T16:14:12.119Z 14: ❌ child-process-gone {
  type: 'Utility',
  reason: 'killed',
  exitCode: 15,
  serviceName: 'network.mojom.NetworkService',
  name: 'Network Service'
}
2024-08-22T16:14:40.192Z 0: 

----------------------------------------------
2024-08-22T16:14:40.202Z 1: Discord starting: {"releaseChannel":"stable","version":"0.0.63"}, modulepath: /home/yvesd/.config/discord/0.0.63/modules
2024-08-22T16:14:40.204Z 2: ✅ webContents.created web1 ""
2024-08-22T16:14:40.205Z 3: ✅ window.created win1 "discord"
2024-08-22T16:14:40.533Z 4: ✅ webContents.did-finish-load web1
2024-08-22T16:14:40.746Z 5: ✅ webContents.created web2 ""
2024-08-22T16:14:40.750Z 6: ✅ window.created win2 "Discord"
2024-08-22T16:14:42.452Z 7: ✅ webContents.did-finish-load web2
2024-08-22T16:14:42.552Z 8: window.close win1
2024-08-22T16:14:42.557Z 9: webContents.destroyed web1
2024-08-22T16:14:42.557Z 10: window.closed win1
2024-08-22T16:24:51.571Z 11: before-quit
2024-08-22T16:25:25.334Z 0: 

----------------------------------------------
2024-08-22T16:25:25.348Z 1: Discord starting: {"releaseChannel":"stable","version":"0.0.63"}, modulepath: /home/yvesd/.config/discord/0.0.63/modules
2024-08-22T16:25:25.352Z 2: ✅ webContents.created web1 ""
2024-08-22T16:25:25.354Z 3: ✅ window.created win1 "discord"
2024-08-22T16:25:25.753Z 4: ✅ webContents.did-finish-load web1
2024-08-22T16:25:25.934Z 5: ✅ webContents.created web2 ""
2024-08-22T16:25:25.939Z 6: ✅ window.created win2 "Discord"
2024-08-22T16:25:27.672Z 7: ✅ webContents.did-finish-load web2
2024-08-22T16:25:27.773Z 8: window.close win1
2024-08-22T16:25:27.777Z 9: webContents.destroyed web1
2024-08-22T16:25:27.778Z 10: window.closed win1
