2024-11-18T21:07:38.331Z 0: 

----------------------------------------------
2024-11-18T21:07:38.338Z 1: Discord starting: {"releaseChannel":"stable","version":"0.0.74"}, modulepath: /home/yvesd/.config/discord/0.0.74/modules
2024-11-18T21:07:38.341Z 2: ✅ webContents.created web1 ""
2024-11-18T21:07:38.345Z 3: ✅ window.created win1 "discord"
2024-11-18T21:07:38.581Z 4: ✅ webContents.did-finish-load web1
2024-11-18T21:07:55.137Z 5: ✅ webContents.created web2 ""
2024-11-18T21:07:55.143Z 6: ✅ window.created win2 "Discord"
2024-11-18T21:07:56.677Z 7: ✅ webContents.did-finish-load web2
2024-11-18T21:07:56.777Z 8: window.close win1
2024-11-18T21:07:56.782Z 9: webContents.destroyed web1
2024-11-18T21:07:56.783Z 10: window.closed win1
2024-11-18T23:29:02.413Z 11: before-quit
2024-11-18T23:29:02.415Z 12: window.close win2
2024-11-18T23:32:27.725Z 0: 

----------------------------------------------
2024-11-18T23:32:27.740Z 1: Discord starting: {"releaseChannel":"stable","version":"0.0.74"}, modulepath: /home/yvesd/.config/discord/0.0.74/modules
2024-11-18T23:32:27.748Z 2: ✅ webContents.created web1 ""
2024-11-18T23:32:27.750Z 3: ✅ window.created win1 "discord"
2024-11-18T23:32:28.058Z 4: ✅ webContents.did-finish-load web1
2024-11-18T23:32:38.237Z 5: ✅ webContents.created web2 ""
2024-11-18T23:32:38.240Z 6: ✅ window.created win2 "Discord"
2024-11-18T23:32:39.572Z 7: ✅ webContents.did-finish-load web2
2024-11-18T23:32:39.673Z 8: window.close win1
2024-11-18T23:32:39.677Z 9: webContents.destroyed web1
2024-11-18T23:32:39.678Z 10: window.closed win1
2024-11-18T23:34:44.740Z 11: before-quit
2024-11-18T23:34:44.741Z 12: window.close win2
2024-11-18T23:35:15.828Z 0: 

----------------------------------------------
2024-11-18T23:35:15.843Z 1: Discord starting: {"releaseChannel":"stable","version":"0.0.74"}, modulepath: /home/yvesd/.config/discord/0.0.74/modules
2024-11-18T23:35:15.851Z 2: ✅ webContents.created web1 ""
2024-11-18T23:35:15.852Z 3: ✅ window.created win1 "discord"
2024-11-18T23:35:16.123Z 4: ✅ webContents.did-finish-load web1
2024-11-18T23:35:26.307Z 5: ✅ webContents.created web2 ""
2024-11-18T23:35:26.309Z 6: ✅ window.created win2 "Discord"
2024-11-18T23:35:27.578Z 7: ✅ webContents.did-finish-load web2
2024-11-18T23:35:27.678Z 8: window.close win1
2024-11-18T23:35:27.681Z 9: webContents.destroyed web1
2024-11-18T23:35:27.682Z 10: window.closed win1
2024-11-18T23:50:14.122Z 11: before-quit
2024-11-18T23:50:14.125Z 12: window.close win2
2024-11-18T23:50:14.133Z 13: ❌ child-process-gone {
  type: 'Utility',
  reason: 'killed',
  exitCode: 15,
  serviceName: 'audio.mojom.AudioService',
  name: 'Audio Service'
}
2024-11-18T23:50:14.136Z 14: ❌ child-process-gone {
  type: 'Utility',
  reason: 'killed',
  exitCode: 15,
  serviceName: 'network.mojom.NetworkService',
  name: 'Network Service'
}
2024-11-18T23:50:45.081Z 0: 

----------------------------------------------
2024-11-18T23:50:45.096Z 1: Discord starting: {"releaseChannel":"stable","version":"0.0.74"}, modulepath: /home/yvesd/.config/discord/0.0.74/modules
2024-11-18T23:50:45.103Z 2: ✅ webContents.created web1 ""
2024-11-18T23:50:45.104Z 3: ✅ window.created win1 "discord"
2024-11-18T23:50:45.378Z 4: ✅ webContents.did-finish-load web1
2024-11-18T23:50:55.625Z 5: ✅ webContents.created web2 ""
2024-11-18T23:50:55.628Z 6: ✅ window.created win2 "Discord"
2024-11-18T23:50:56.948Z 7: ✅ webContents.did-finish-load web2
2024-11-18T23:50:57.049Z 8: window.close win1
2024-11-18T23:50:57.053Z 9: webContents.destroyed web1
2024-11-18T23:50:57.054Z 10: window.closed win1
2024-11-19T17:21:36.549Z 11: window.close win2
2024-11-19T17:21:55.739Z 0: 

----------------------------------------------
2024-11-19T17:22:09.565Z 12: window.close win2
2024-11-19T17:22:18.841Z 0: 

----------------------------------------------
2024-11-19T17:22:22.099Z 13: window.close win2
2024-11-19T17:23:09.906Z 14: before-quit
2024-11-19T17:23:09.908Z 15: window.close win2
2024-11-19T17:23:09.952Z 16: webContents.destroyed web2
2024-11-19T17:23:15.327Z 0: 

----------------------------------------------
2024-11-19T17:23:15.334Z 1: Discord starting: {"releaseChannel":"stable","version":"0.0.74"}, modulepath: /home/yvesd/.config/discord/0.0.74/modules
2024-11-19T17:23:15.336Z 2: ✅ webContents.created web1 "index.html"
2024-11-19T17:23:15.337Z 3: ✅ window.created win1 "discord"
2024-11-19T17:23:15.477Z 4: ✅ webContents.did-finish-load web1
2024-11-19T17:23:15.644Z 5: ✅ webContents.created web2 ""
2024-11-19T17:23:15.647Z 6: ✅ window.created win2 "Discord"
2024-11-19T17:23:17.503Z 7: ✅ webContents.did-finish-load web2
2024-11-19T17:23:17.603Z 8: window.close win1
2024-11-19T17:23:17.607Z 9: webContents.destroyed web1
2024-11-19T17:23:17.608Z 10: window.closed win1
2024-11-20T15:31:39.165Z 11: window.close win2
2024-11-20T15:31:41.808Z 0: 

----------------------------------------------
2024-11-20T15:32:48.435Z 12: window.close win2
2024-11-20T15:33:22.670Z 0: 

----------------------------------------------
2024-11-20T15:33:28.338Z 13: window.close win2
2024-11-20T15:34:46.199Z 0: 

----------------------------------------------
2024-11-20T15:34:46.204Z 1: Discord starting: {"releaseChannel":"stable","version":"0.0.74"}, modulepath: /home/yvesd/.config/discord/0.0.74/modules
2024-11-20T15:35:18.697Z 14: window.close win2
2024-11-20T15:36:08.017Z 15: ❌ render-process-gone { reason: 'killed', exitCode: 9 }
2024-11-20T15:36:08.020Z 16: before-quit
2024-11-20T15:36:13.178Z 0: 

----------------------------------------------
2024-11-20T15:36:13.186Z 1: Discord starting: {"releaseChannel":"stable","version":"0.0.74"}, modulepath: /home/yvesd/.config/discord/0.0.74/modules
2024-11-20T15:36:13.189Z 2: ✅ webContents.created web1 "index.html"
2024-11-20T15:36:13.189Z 3: ✅ window.created win1 "discord"
2024-11-20T15:36:13.332Z 4: ✅ webContents.did-finish-load web1
2024-11-20T15:36:13.471Z 5: ✅ webContents.created web2 ""
2024-11-20T15:36:13.474Z 6: ✅ window.created win2 "Discord"
2024-11-20T15:36:15.196Z 7: ✅ webContents.did-finish-load web2
2024-11-20T15:36:15.298Z 8: window.close win1
2024-11-20T15:36:15.373Z 9: webContents.destroyed web1
2024-11-20T15:36:15.374Z 10: window.closed win1
2024-11-21T14:52:42.175Z 0: 

----------------------------------------------
2024-11-21T14:52:42.183Z 1: Discord starting: {"releaseChannel":"stable","version":"0.0.74"}, modulepath: /home/yvesd/.config/discord/0.0.74/modules
2024-11-21T14:52:42.188Z 2: ✅ webContents.created web1 ""
2024-11-21T14:52:42.189Z 3: ✅ window.created win1 "discord"
2024-11-21T14:52:42.470Z 4: ✅ webContents.did-finish-load web1
2024-11-21T14:52:52.645Z 5: ✅ webContents.created web2 ""
2024-11-21T14:52:52.648Z 6: ✅ window.created win2 "Discord"
2024-11-21T14:53:02.786Z 7: ✅ webContents.did-finish-load web2
2024-11-21T14:53:02.887Z 8: window.close win1
2024-11-21T14:53:02.890Z 9: webContents.destroyed web1
2024-11-21T14:53:02.890Z 10: window.closed win1
2024-11-21T15:04:42.105Z 11: before-quit
2024-11-21T15:04:42.110Z 12: window.close win2
2024-11-21T15:04:42.122Z 13: ❌ child-process-gone {
  type: 'Utility',
  reason: 'killed',
  exitCode: 15,
  serviceName: 'network.mojom.NetworkService',
  name: 'Network Service'
}
2024-11-21T15:05:05.572Z 0: 

----------------------------------------------
2024-11-21T15:05:05.605Z 1: Discord starting: {"releaseChannel":"stable","version":"0.0.74"}, modulepath: /home/yvesd/.config/discord/0.0.74/modules
2024-11-21T15:05:05.611Z 2: ✅ webContents.created web1 ""
2024-11-21T15:05:05.614Z 3: ✅ window.created win1 "discord"
2024-11-21T15:05:06.142Z 4: ✅ webContents.did-finish-load web1
2024-11-21T15:05:27.383Z 5: ✅ webContents.created web2 ""
2024-11-21T15:05:27.386Z 6: ✅ window.created win2 "Discord"
2024-11-21T15:05:29.414Z 7: ✅ webContents.did-finish-load web2
2024-11-21T15:05:29.515Z 8: window.close win1
2024-11-21T15:05:29.521Z 9: webContents.destroyed web1
2024-11-21T15:05:29.521Z 10: window.closed win1
2024-11-21T22:55:06.255Z 11: before-quit
2024-11-21T22:55:38.526Z 0: 

----------------------------------------------
2024-11-21T22:55:38.540Z 1: Discord starting: {"releaseChannel":"stable","version":"0.0.74"}, modulepath: /home/yvesd/.config/discord/0.0.74/modules
2024-11-21T22:55:38.550Z 2: ✅ webContents.created web1 ""
2024-11-21T22:55:38.552Z 3: ✅ window.created win1 "discord"
2024-11-21T22:55:38.833Z 4: ✅ webContents.did-finish-load web1
2024-11-21T22:55:49.262Z 5: ✅ webContents.created web2 ""
2024-11-21T22:55:49.264Z 6: ✅ window.created win2 "Discord"
2024-11-21T22:55:50.974Z 7: ✅ webContents.did-finish-load web2
2024-11-21T22:55:51.075Z 8: window.close win1
2024-11-21T22:55:51.079Z 9: webContents.destroyed web1
2024-11-21T22:55:51.081Z 10: window.closed win1
2024-11-25T20:38:04.510Z 11: window.close win2
2024-11-25T20:38:07.310Z 0: 

----------------------------------------------
2024-11-25T20:47:42.571Z 12: window.close win2
2024-11-25T20:47:51.672Z 13: ❌ render-process-gone { reason: 'killed', exitCode: 9 }
2024-11-25T20:47:51.681Z 14: before-quit
2024-11-25T20:48:01.963Z 0: 

----------------------------------------------
2024-11-25T20:48:01.971Z 1: Discord starting: {"releaseChannel":"stable","version":"0.0.74"}, modulepath: /home/yvesd/.config/discord/0.0.74/modules
2024-11-25T20:48:01.974Z 2: ✅ webContents.created web1 "index.html"
2024-11-25T20:48:01.974Z 3: ✅ window.created win1 "discord"
2024-11-25T20:48:02.117Z 4: ✅ webContents.did-finish-load web1
2024-11-25T20:48:02.268Z 5: ✅ webContents.created web2 ""
2024-11-25T20:48:02.270Z 6: ✅ window.created win2 "Discord"
2024-11-25T20:48:06.774Z 7: ✅ webContents.did-finish-load web2
2024-11-25T20:48:06.875Z 8: window.close win1
2024-11-25T20:48:06.878Z 9: webContents.destroyed web1
2024-11-25T20:48:06.879Z 10: window.closed win1
2024-11-26T00:06:34.847Z 11: before-quit
2024-11-26T00:07:59.619Z 0: 

----------------------------------------------
2024-11-26T00:07:59.631Z 1: Discord starting: {"releaseChannel":"stable","version":"0.0.74"}, modulepath: /home/yvesd/.config/discord/0.0.74/modules
2024-11-26T00:07:59.641Z 2: ✅ webContents.created web1 ""
2024-11-26T00:07:59.642Z 3: ✅ window.created win1 "discord"
2024-11-26T00:07:59.943Z 4: ✅ webContents.did-finish-load web1
2024-11-26T00:08:10.269Z 5: ✅ webContents.created web2 ""
2024-11-26T00:08:10.272Z 6: ✅ window.created win2 "Discord"
2024-11-26T00:08:12.300Z 7: ✅ webContents.did-finish-load web2
2024-11-26T00:08:12.401Z 8: window.close win1
2024-11-26T00:08:12.405Z 9: webContents.destroyed web1
2024-11-26T00:08:12.407Z 10: window.closed win1
2024-11-28T12:50:35.339Z 11: before-quit
2024-11-28T12:50:35.341Z 12: window.close win2
2024-11-28T12:50:35.354Z 13: ❌ child-process-gone {
  type: 'Utility',
  reason: 'killed',
  exitCode: 15,
  serviceName: 'network.mojom.NetworkService',
  name: 'Network Service'
}
2024-11-28T12:50:35.390Z 14: ❌ child-process-gone {
  type: 'Utility',
  reason: 'killed',
  exitCode: 15,
  serviceName: 'audio.mojom.AudioService',
  name: 'Audio Service'
}
2024-11-28T12:51:28.555Z 0: 

----------------------------------------------
2024-11-28T12:51:28.562Z 1: Discord starting: {"releaseChannel":"stable","version":"0.0.74"}, modulepath: /home/yvesd/.config/discord/0.0.74/modules
2024-11-28T12:51:28.566Z 2: ✅ webContents.created web1 ""
2024-11-28T12:51:28.568Z 3: ✅ window.created win1 "discord"
2024-11-28T12:51:28.839Z 4: ✅ webContents.did-finish-load web1
2024-11-28T12:52:28.942Z 5: ✅ webContents.created web2 ""
2024-11-28T12:52:28.945Z 6: ✅ window.created win2 "Discord"
2024-11-28T12:52:35.559Z 7: ✅ webContents.did-finish-load web2
2024-11-28T12:52:35.660Z 8: window.close win1
2024-11-28T12:52:35.664Z 9: webContents.destroyed web1
2024-11-28T12:52:35.667Z 10: window.closed win1
2024-11-28T14:20:52.754Z 11: before-quit
2024-11-28T14:20:52.755Z 12: window.close win2
2024-11-28T14:20:52.792Z 13: ❌ child-process-gone {
  type: 'Utility',
  reason: 'killed',
  exitCode: 15,
  serviceName: 'audio.mojom.AudioService',
  name: 'Audio Service'
}
2024-11-28T14:20:52.823Z 14: ❌ child-process-gone {
  type: 'Utility',
  reason: 'killed',
  exitCode: 15,
  serviceName: 'network.mojom.NetworkService',
  name: 'Network Service'
}
2024-11-28T14:21:27.253Z 0: 

----------------------------------------------
2024-11-28T14:21:27.264Z 1: Discord starting: {"releaseChannel":"stable","version":"0.0.74"}, modulepath: /home/yvesd/.config/discord/0.0.74/modules
2024-11-28T14:21:27.275Z 2: ✅ webContents.created web1 ""
2024-11-28T14:21:27.276Z 3: ✅ window.created win1 "discord"
2024-11-28T14:21:27.551Z 4: ✅ webContents.did-finish-load web1
2024-11-28T14:21:37.715Z 5: ✅ webContents.created web2 ""
2024-11-28T14:21:37.717Z 6: ✅ window.created win2 "Discord"
2024-11-28T14:21:39.684Z 7: ✅ webContents.did-finish-load web2
2024-11-28T14:21:39.785Z 8: window.close win1
2024-11-28T14:21:39.789Z 9: webContents.destroyed web1
2024-11-28T14:21:39.790Z 10: window.closed win1
2024-11-30T03:04:30.113Z 0: 

----------------------------------------------
2024-12-02T21:13:53.808Z 11: before-quit
2024-12-02T21:13:53.811Z 12: window.close win2
2024-12-02T21:13:53.831Z 13: ❌ child-process-gone {
  type: 'Utility',
  reason: 'killed',
  exitCode: 15,
  serviceName: 'audio.mojom.AudioService',
  name: 'Audio Service'
}
2024-12-02T21:13:53.862Z 14: ❌ child-process-gone {
  type: 'Utility',
  reason: 'killed',
  exitCode: 15,
  serviceName: 'network.mojom.NetworkService',
  name: 'Network Service'
}
2024-12-02T21:14:33.149Z 0: 

----------------------------------------------
2024-12-02T21:14:33.173Z 1: Discord starting: {"releaseChannel":"stable","version":"0.0.74"}, modulepath: /home/yvesd/.config/discord/0.0.74/modules
2024-12-02T21:14:33.187Z 2: ✅ webContents.created web1 ""
2024-12-02T21:14:33.189Z 3: ✅ window.created win1 "discord"
2024-12-02T21:14:33.208Z 4: ❌ child-process-gone {
  type: 'GPU',
  reason: 'abnormal-exit',
  exitCode: 8704,
  serviceName: 'GPU'
}
2024-12-02T21:14:33.326Z 5: ❌ child-process-gone {
  type: 'GPU',
  reason: 'abnormal-exit',
  exitCode: 8704,
  serviceName: 'GPU'
}
2024-12-02T21:14:33.454Z 6: ❌ child-process-gone {
  type: 'GPU',
  reason: 'abnormal-exit',
  exitCode: 8704,
  serviceName: 'GPU'
}
2024-12-02T21:14:33.580Z 7: ✅ webContents.did-finish-load web1
2024-12-02T21:14:44.117Z 8: ✅ webContents.created web2 ""
2024-12-02T21:14:44.120Z 9: ✅ window.created win2 "Discord"
2024-12-02T21:14:51.133Z 10: ✅ webContents.did-finish-load web2
2024-12-02T21:14:51.235Z 11: window.close win1
2024-12-02T21:14:51.237Z 12: webContents.destroyed web1
2024-12-02T21:14:51.238Z 13: window.closed win1
2024-12-02T21:16:45.102Z 14: before-quit
2024-12-02T21:18:08.981Z 0: 

----------------------------------------------
2024-12-02T21:18:09.013Z 1: Discord starting: {"releaseChannel":"stable","version":"0.0.74"}, modulepath: /home/yvesd/.config/discord/0.0.74/modules
2024-12-02T21:18:09.018Z 2: ✅ webContents.created web1 ""
2024-12-02T21:18:09.020Z 3: ✅ window.created win1 "discord"
2024-12-02T21:18:09.040Z 4: ❌ child-process-gone {
  type: 'GPU',
  reason: 'abnormal-exit',
  exitCode: 8704,
  serviceName: 'GPU'
}
2024-12-02T21:18:09.222Z 5: ❌ child-process-gone {
  type: 'GPU',
  reason: 'abnormal-exit',
  exitCode: 8704,
  serviceName: 'GPU'
}
2024-12-02T21:18:09.422Z 6: ❌ child-process-gone {
  type: 'GPU',
  reason: 'abnormal-exit',
  exitCode: 8704,
  serviceName: 'GPU'
}
2024-12-02T21:18:09.435Z 7: Sentry report: {"contexts":{"trace":{"trace_id":"c832a4d4833e4898bec0c4fbf2f97392","span_id":"a5685416449c8ca1"},"app":{"app_name":"discord","app_version":"0.0.74","app_start_time":"2024-12-02T21:18:08.492Z"},"os":{"kernel_version":"6.6.61","name":"Ubuntu Linux","version":"\"24.05\""},"browser":{"name":"Chrome"},"chrome":{"name":"Chrome","type":"runtime","version":"128.0.6613.36"},"device":{"arch":"x64","family":"Desktop","language":"en-GB","screen_density":2,"screen_resolution":"2560x1600","memory_size":32826580992,"free_memory":30489137152,"processor_count":16,"cpu_description":"AMD Ryzen 9 7940HS w/ Radeon 780M Graphics","processor_frequency":4689},"node":{"name":"Node","type":"runtime","version":"20.16.0"},"runtime":{"name":"Electron","version":"32.0.0"}},"environment":"stable","release":"0.0.74","user":{"ip_address":"{{auto}}"},"tags":{"event.origin":"electron","event.environment":"javascript","event.process":"GPU","event_type":"javascript"},"event_id":"fd57c052875c46a79e4c247e35b302f6","level":"warning","message":"'GPU' process exited with 'abnormal-exit'","platform":"node","timestamp":1733174289.421,"sdk":{"integrations":["SentryMinidump","ElectronBreadcrumbs","Net","MainContext","ChildProcess","OnUncaughtException","PreloadInjection","AdditionalContext","Screenshots","RendererProfiling","InboundFilters","FunctionToString","LinkedErrors","RequestData","Console","Http","Undici","OnUnhandledRejection","ContextLines","LocalVariables","Modules"]},"breadcrumbs":[{"timestamp":1733174288.773,"category":"console","level":"log","message":"Discord 0.0.74"},{"timestamp":1733174288.855,"category":"electron","message":"app.will-finish-launching","type":"ui"},{"timestamp":1733174288.859,"category":"electron","message":"app.ready","type":"ui"},{"timestamp":1733174288.89,"category":"electron","message":"app.session-created","type":"ui"},{"timestamp":1733174288.892,"category":"console","level":"log","message":"Starting app."},{"timestamp":1733174288.898,"category":"console","level":"log","message":"Starting updater."},{"timestamp":1733174288.901,"category":"console","level":"log","message":"2024-12-02T21:18:08.901Z [Modules] Modules initializing"},{"timestamp":1733174288.902,"category":"console","level":"log","message":"2024-12-02T21:18:08.902Z [Modules] Distribution: remote"},{"timestamp":1733174288.902,"category":"console","level":"log","message":"2024-12-02T21:18:08.902Z [Modules] Host updates: disabled"},{"timestamp":1733174288.902,"category":"console","level":"log","message":"2024-12-02T21:18:08.902Z [Modules] Module updates: enabled"},{"timestamp":1733174288.903,"category":"console","level":"log","message":"2024-12-02T21:18:08.903Z [Modules] Module install path: /home/yvesd/.config/discord/0.0.74/modules"},{"timestamp":1733174288.903,"category":"console","level":"log","message":"2024-12-02T21:18:08.903Z [Modules] Module installed file path: /home/yvesd/.config/discord/0.0.74/modules/installed.json"},{"timestamp":1733174288.903,"category":"console","level":"log","message":"2024-12-02T21:18:08.903Z [Modules] Module download path: /home/yvesd/.config/discord/0.0.74/modules/pending"},{"timestamp":1733174288.907,"category":"console","level":"log","message":"splashScreen.initSplash(false)"},{"timestamp":1733174288.908,"category":"console","level":"log","message":"CDM component API found"},{"timestamp":1733174288.937,"category":"electron","message":"app.web-contents-created","type":"ui"},{"timestamp":1733174288.939,"category":"electron","message":"app.browser-window-created","type":"ui"},{"timestamp":1733174288.981,"category":"console","level":"log","message":"blackbox: 2024-12-02T21:18:08.981Z 0 \n\n----------------------------------------------"},{"timestamp":1733174288.992,"category":"console","level":"log","message":"CDM completed with status: cdm-ready-success"},{"timestamp":1733174289.004,"category":"electron","message":"app.gpu-info-update","type":"ui"},{"timestamp":1733174289.013,"category":"console","level":"log","message":"blackbox: 2024-12-02T21:18:09.013Z 1 Discord starting: {\"releaseChannel\":\"stable\",\"version\":\"0.0.74\"}, modulepath: /home/yvesd/.config/discord/0.0.74/modules"},{"timestamp":1733174289.018,"category":"console","level":"log","message":"blackbox: 2024-12-02T21:18:09.018Z 2 ✅ webContents.created web1 \"\""},{"timestamp":1733174289.02,"category":"console","level":"log","message":"blackbox: 2024-12-02T21:18:09.020Z 3 ✅ window.created win1 \"discord\""},{"timestamp":1733174289.038,"category":"electron","message":"app.child-process-gone","type":"ui"},{"timestamp":1733174289.039,"type":"process","category":"child-process","message":"'GPU' process exited with 'abnormal-exit'","level":"warning","data":{"type":"GPU","reason":"abnormal-exit","exitCode":8704,"serviceName":"GPU"}},{"timestamp":1733174289.04,"category":"console","level":"log","message":"blackbox: 2024-12-02T21:18:09.040Z 4 ❌ child-process-gone {\n  type: 'GPU',\n  reason: 'abnormal-exit',\n  exitCode: 8704,\n  serviceName: 'GPU'\n}"},{"timestamp":1733174289.189,"category":"electron","message":"app.gpu-info-update","type":"ui"},{"timestamp":1733174289.221,"category":"electron","message":"app.child-process-gone","type":"ui"},{"timestamp":1733174289.221,"type":"process","category":"child-process","message":"'GPU' process exited with 'abnormal-exit'","level":"warning","data":{"type":"GPU","reason":"abnormal-exit","exitCode":8704,"serviceName":"GPU"}},{"timestamp":1733174289.222,"category":"console","level":"log","message":"blackbox: 2024-12-02T21:18:09.222Z 5 ❌ child-process-gone {\n  type: 'GPU',\n  reason: 'abnormal-exit',\n  exitCode: 8704,\n  serviceName: 'GPU'\n}"},{"timestamp":1733174289.408,"category":"electron","message":"app.gpu-info-update","type":"ui"},{"timestamp":1733174289.42,"category":"electron","message":"app.child-process-gone","type":"ui"}],"sdkProcessingMetadata":{"dynamicSamplingContext":{"environment":"stable","release":"0.0.74","public_key":"7a60c374cb0e99ac8a57388db6933711","trace_id":"c832a4d4833e4898bec0c4fbf2f97392"}},"modules":{"mkdirp":"0.5.5","rimraf":"2.7.1","glob":"7.1.7","fs.realpath":"1.0.0","minimatch":"3.1.2","brace-expansion":"1.1.11","concat-map":"0.0.1","balanced-match":"1.0.2","inherits":"2.0.4","path-is-absolute":"1.0.1","inflight":"1.0.6","wrappy":"1.0.2","once":"1.4.0","yauzl":"2.10.0","fd-slicer":"1.1.0","pend":"1.2.0","buffer-crc32":"0.2.13","request":"2.88.0","extend":"3.0.2","tough-cookie":"2.4.3","psl":"1.8.0","json-stringify-safe":"5.0.1","safe-buffer":"5.2.1","aws-sign2":"0.7.0","aws4":"1.11.0","http-signature":"1.2.0","assert-plus":"1.0.0","sshpk":"1.16.1","safer-buffer":"2.1.2","asn1":"0.2.4","ecc-jsbn":"0.1.2","jsbn":"0.1.1","tweetnacl":"0.14.5","jsprim":"1.4.1","extsprintf":"1.3.0","verror":"1.10.0","core-util-is":"1.0.2","json-schema":"0.2.3","mime-types":"2.1.32","mime-db":"1.49.0","caseless":"0.12.0","forever-agent":"0.6.1","form-data":"2.3.3","combined-stream":"1.0.8","delayed-stream":"1.0.0","asynckit":"0.4.0","isstream":"0.1.2","is-typedarray":"1.0.0","qs":"6.5.3","har-validator":"5.1.5","ajv":"6.12.6","uri-js":"4.4.1","fast-deep-equal":"3.1.3","json-schema-traverse":"0.4.1","fast-json-stable-stringify":"2.1.0","har-schema":"2.0.0","uuid":"3.4.0","oauth-sign":"0.9.0","tunnel-agent":"0.6.0","performance-now":"2.1.0","arch":"2.2.0","tslib":"2.6.3","localforage":"1.10.0","deepmerge":"4.3.0"},"extra":{"release_channel":"stable","sentry":{"environment":"stable","release":"0.0.74"},"wm":"Hyprland,hyprland"}}
2024-12-02T21:18:09.512Z 8: ✅ webContents.did-finish-load web1
2024-12-02T21:18:19.645Z 9: ✅ webContents.created web2 ""
2024-12-02T21:18:19.647Z 10: ✅ window.created win2 "Discord"
2024-12-02T21:18:21.816Z 11: ✅ webContents.did-finish-load web2
2024-12-02T21:18:21.917Z 12: window.close win1
2024-12-02T21:18:21.922Z 13: webContents.destroyed web1
2024-12-02T21:18:21.923Z 14: window.closed win1
2024-12-02T21:22:19.401Z 15: before-quit
2024-12-02T21:22:19.421Z 16: window.close win2
2024-12-02T21:22:40.072Z 0: 

----------------------------------------------
2024-12-02T21:22:40.095Z 1: Discord starting: {"releaseChannel":"stable","version":"0.0.74"}, modulepath: /home/yvesd/.config/discord/0.0.74/modules
2024-12-02T21:22:40.111Z 2: ✅ webContents.created web1 ""
2024-12-02T21:22:40.113Z 3: ✅ window.created win1 "discord"
2024-12-02T21:22:40.134Z 4: ❌ child-process-gone {
  type: 'GPU',
  reason: 'abnormal-exit',
  exitCode: 8704,
  serviceName: 'GPU'
}
2024-12-02T21:22:40.255Z 5: ❌ child-process-gone {
  type: 'GPU',
  reason: 'abnormal-exit',
  exitCode: 8704,
  serviceName: 'GPU'
}
2024-12-02T21:22:40.382Z 6: ❌ child-process-gone {
  type: 'GPU',
  reason: 'abnormal-exit',
  exitCode: 8704,
  serviceName: 'GPU'
}
2024-12-02T21:22:40.496Z 7: ✅ webContents.did-finish-load web1
2024-12-02T21:22:51.258Z 8: ✅ webContents.created web2 ""
2024-12-02T21:22:51.261Z 9: ✅ window.created win2 "Discord"
2024-12-02T21:22:52.720Z 10: ✅ webContents.did-finish-load web2
2024-12-02T21:22:52.822Z 11: window.close win1
2024-12-02T21:22:52.825Z 12: webContents.destroyed web1
2024-12-02T21:22:52.826Z 13: window.closed win1
2024-12-02T23:03:48.649Z 14: before-quit
2024-12-02T23:03:48.660Z 15: window.close win2
2024-12-02T23:04:34.653Z 0: 

----------------------------------------------
2024-12-02T23:04:34.669Z 1: Discord starting: {"releaseChannel":"stable","version":"0.0.74"}, modulepath: /home/yvesd/.config/discord/0.0.74/modules
2024-12-02T23:04:34.681Z 2: ✅ webContents.created web1 ""
2024-12-02T23:04:34.683Z 3: ✅ window.created win1 "discord"
2024-12-02T23:04:34.695Z 4: ❌ child-process-gone {
  type: 'GPU',
  reason: 'abnormal-exit',
  exitCode: 8704,
  serviceName: 'GPU'
}
2024-12-02T23:04:34.786Z 5: ❌ child-process-gone {
  type: 'GPU',
  reason: 'abnormal-exit',
  exitCode: 8704,
  serviceName: 'GPU'
}
2024-12-02T23:04:34.871Z 6: ❌ child-process-gone {
  type: 'GPU',
  reason: 'abnormal-exit',
  exitCode: 8704,
  serviceName: 'GPU'
}
2024-12-02T23:04:34.988Z 7: ✅ webContents.did-finish-load web1
2024-12-02T23:04:35.527Z 8: ✅ webContents.created web2 ""
2024-12-02T23:04:35.529Z 9: ✅ window.created win2 "Discord"
2024-12-02T23:04:37.231Z 10: ✅ webContents.did-finish-load web2
2024-12-02T23:04:37.333Z 11: window.close win1
2024-12-02T23:04:37.335Z 12: webContents.destroyed web1
2024-12-02T23:04:37.336Z 13: window.closed win1
2024-12-02T23:27:01.360Z 14: before-quit
2024-12-02T23:27:01.387Z 15: window.close win2
2024-12-02T23:27:01.393Z 16: ❌ child-process-gone {
  type: 'Utility',
  reason: 'killed',
  exitCode: 15,
  serviceName: 'audio.mojom.AudioService',
  name: 'Audio Service'
}
