2024-04-01 17:46:09 Loading main app package /nix/store/5pq65w1rpsysx6nm2fispq9rhdf6dsad-obsidian-1.5.11/share/obsidian/obsidian.asar
2024-04-01 17:46:09 Checking for update using Github
2024-04-01 17:46:10 Success.
2024-04-01 17:46:10 Latest version is 1.5.12
2024-04-01 17:46:10 Downloading update from https://github.com/obsidianmd/obsidian-releases/releases/download/v1.5.12/obsidian-1.5.12.asar.gz
2024-04-01 17:46:10 Verifying hash & signature. Size= 8781526
2024-04-01 17:46:10 Saving file
2024-04-01 17:46:10 Update complete.
2024-04-02 17:29:20 Loading updated app package /home/yvesd/.config/obsidian/obsidian-1.5.12.asar
2024-04-02 17:29:20 Checking for update using Github
2024-04-02 17:29:20 Success.
2024-04-02 17:29:20 Latest version is 1.5.12
2024-04-02 17:29:20 App is up to date.
2024-04-02 17:30:48 Loading updated app package /home/yvesd/.config/obsidian/obsidian-1.5.12.asar
2024-04-02 17:30:48 Checking for update using Github
2024-04-02 17:30:48 Success.
2024-04-02 17:30:48 Latest version is 1.5.12
2024-04-02 17:30:48 App is up to date.
2024-04-02 21:40:15 Loading updated app package /home/yvesd/.config/obsidian/obsidian-1.5.12.asar
2024-04-02 21:40:15 Checking for update using Github
2024-04-02 21:40:15 Success.
2024-04-02 21:40:15 Latest version is 1.5.12
2024-04-02 21:40:15 App is up to date.
2024-04-02 22:40:15 Checking for update using Github
2024-04-02 22:40:15 Success.
2024-04-02 22:40:15 Latest version is 1.5.12
2024-04-02 22:40:15 App is up to date.
2024-04-02 23:09:41 Loading updated app package /home/yvesd/.config/obsidian/obsidian-1.5.12.asar
2024-04-02 23:09:41 Checking for update using Github
2024-04-02 23:40:15 Checking for update using Github
2024-04-02 23:40:15 Success.
2024-04-02 23:40:15 Latest version is 1.5.12
2024-04-02 23:40:15 App is up to date.
2024-04-03 00:40:15 Checking for update using Github
2024-04-03 00:40:15 Success.
2024-04-03 00:40:15 Latest version is 1.5.12
2024-04-03 00:40:15 App is up to date.
2024-04-03 01:40:15 Checking for update using Github
2024-04-03 01:40:15 Success.
2024-04-03 01:40:15 Latest version is 1.5.12
2024-04-03 01:40:15 App is up to date.
2024-04-03 23:34:46 Loading updated app package /home/yvesd/.config/obsidian/obsidian-1.5.12.asar
2024-04-03 23:34:47 Checking for update using Github
2024-04-03 23:34:47 Success.
2024-04-03 23:34:47 Latest version is 1.5.12
2024-04-03 23:34:47 App is up to date.
2024-04-04 00:49:08 Loading updated app package /home/yvesd/.config/obsidian/obsidian-1.5.12.asar
2024-04-04 00:49:09 Checking for update using Github
2024-04-04 00:49:09 Success.
2024-04-04 00:49:09 Latest version is 1.5.12
2024-04-04 00:49:09 App is up to date.
2024-04-04 20:38:22 Loading updated app package /home/yvesd/.config/obsidian/obsidian-1.5.12.asar
2024-04-04 20:38:23 Checking for update using Github
2024-04-04 20:38:23 Success.
2024-04-04 20:38:23 Latest version is 1.5.12
2024-04-04 20:38:23 App is up to date.
2024-04-04 22:49:53 Loading updated app package /home/yvesd/.config/obsidian/obsidian-1.5.12.asar
2024-04-04 22:49:54 Checking for update using Github
2024-04-04 22:49:54 Success.
2024-04-04 22:49:54 Latest version is 1.5.12
2024-04-04 22:49:54 App is up to date.
2024-04-04 23:49:53 Checking for update using Github
2024-04-04 23:49:54 Success.
2024-04-04 23:49:54 Latest version is 1.5.12
2024-04-04 23:49:54 App is up to date.
2024-04-05 12:51:29 Loading updated app package /home/yvesd/.config/obsidian/obsidian-1.5.12.asar
2024-04-05 12:51:29 Checking for update using Github
2024-04-05 12:51:29 Success.
2024-04-05 12:51:29 Latest version is 1.5.12
2024-04-05 12:51:29 App is up to date.
2024-04-05 13:51:29 Checking for update using Github
2024-04-05 13:51:29 Success.
2024-04-05 13:51:29 Latest version is 1.5.12
2024-04-05 13:51:29 App is up to date.
2024-04-05 14:51:29 Checking for update using Github
2024-04-05 14:51:29 Success.
2024-04-05 14:51:29 Latest version is 1.5.12
2024-04-05 14:51:29 App is up to date.
