2024-09-11T15:23:56.079Z 0: 

----------------------------------------------
2024-09-11T15:23:56.087Z 1: Discord starting: {"releaseChannel":"stable","version":"0.0.67"}, modulepath: /home/yvesd/.config/discord/0.0.67/modules
2024-09-11T15:23:56.092Z 2: ✅ webContents.created web1 "index.html"
2024-09-11T15:23:56.096Z 3: ✅ window.created win1 "discord"
2024-09-11T15:23:56.296Z 4: ✅ webContents.did-finish-load web1
2024-09-11T15:23:58.443Z 5: ✅ webContents.created web2 ""
2024-09-11T15:23:58.448Z 6: ✅ window.created win2 "Discord"
2024-09-11T15:23:59.818Z 7: ✅ webContents.did-finish-load web2
2024-09-11T15:23:59.918Z 8: window.close win1
2024-09-11T15:23:59.922Z 9: webContents.destroyed web1
2024-09-11T15:23:59.924Z 10: window.closed win1
2024-09-12T10:48:33.884Z 11: before-quit
2024-09-12T11:36:36.280Z 0: 

----------------------------------------------
2024-09-12T11:36:36.304Z 1: Discord starting: {"releaseChannel":"stable","version":"0.0.67"}, modulepath: /home/yvesd/.config/discord/0.0.67/modules
2024-09-12T11:36:36.311Z 2: ✅ webContents.created web1 ""
2024-09-12T11:36:36.315Z 3: ✅ window.created win1 "discord"
2024-09-12T11:36:36.886Z 4: ✅ webContents.did-finish-load web1
2024-09-12T11:37:14.161Z 5: ✅ webContents.created web2 ""
2024-09-12T11:37:14.165Z 6: ✅ window.created win2 "Discord"
2024-09-12T11:37:15.447Z 7: ✅ webContents.did-finish-load web2
2024-09-12T11:37:15.548Z 8: window.close win1
2024-09-12T11:37:15.553Z 9: webContents.destroyed web1
2024-09-12T11:37:15.554Z 10: window.closed win1
2024-09-12T12:19:22.963Z 11: window.close win2
2024-09-12T12:19:25.885Z 0: 

----------------------------------------------
2024-09-12T12:19:25.889Z 1: Discord starting: {"releaseChannel":"stable","version":"0.0.67"}, modulepath: /home/yvesd/.config/discord/0.0.67/modules
2024-09-12T22:41:57.278Z 12: window.close win2
2024-09-12T22:41:59.972Z 0: 

----------------------------------------------
2024-09-12T22:41:59.976Z 1: Discord starting: {"releaseChannel":"stable","version":"0.0.67"}, modulepath: /home/yvesd/.config/discord/0.0.67/modules
2024-09-12T22:42:01.501Z 13: window.close win2
2024-09-12T22:42:06.309Z 0: 

----------------------------------------------
2024-09-12T22:42:06.316Z 1: Discord starting: {"releaseChannel":"stable","version":"0.0.67"}, modulepath: /home/yvesd/.config/discord/0.0.67/modules
2024-09-13T18:50:30.666Z 14: window.close win2
2024-09-13T18:50:33.184Z 0: 

----------------------------------------------
2024-09-13T18:50:33.189Z 1: Discord starting: {"releaseChannel":"stable","version":"0.0.67"}, modulepath: /home/yvesd/.config/discord/0.0.67/modules
2024-09-15T08:41:56.088Z 15: before-quit
2024-09-15T08:42:33.595Z 0: 

----------------------------------------------
2024-09-15T08:42:33.604Z 1: Discord starting: {"releaseChannel":"stable","version":"0.0.67"}, modulepath: /home/yvesd/.config/discord/0.0.67/modules
2024-09-15T08:42:33.611Z 2: ✅ webContents.created web1 ""
2024-09-15T08:42:33.614Z 3: ✅ window.created win1 "discord"
2024-09-15T08:42:33.939Z 4: ✅ webContents.did-finish-load web1
2024-09-15T08:42:34.138Z 5: ✅ webContents.created web2 ""
2024-09-15T08:42:34.142Z 6: ✅ window.created win2 "Discord"
2024-09-15T08:42:36.096Z 7: ✅ webContents.did-finish-load web2
2024-09-15T08:42:36.196Z 8: window.close win1
2024-09-15T08:42:36.199Z 9: webContents.destroyed web1
2024-09-15T08:42:36.200Z 10: window.closed win1
2024-09-16T14:59:55.360Z 11: before-quit
2024-09-16T17:56:13.166Z 0: 

----------------------------------------------
2024-09-16T17:56:13.188Z 1: Discord starting: {"releaseChannel":"stable","version":"0.0.67"}, modulepath: /home/yvesd/.config/discord/0.0.67/modules
2024-09-16T17:56:13.195Z 2: ✅ webContents.created web1 ""
2024-09-16T17:56:13.198Z 3: ✅ window.created win1 "discord"
2024-09-16T17:56:13.729Z 4: ✅ webContents.did-finish-load web1
2024-09-16T17:56:50.930Z 5: ✅ webContents.created web2 ""
2024-09-16T17:56:50.937Z 6: ✅ window.created win2 "Discord"
2024-09-16T17:56:53.266Z 7: ✅ webContents.did-finish-load web2
2024-09-16T17:56:53.367Z 8: window.close win1
2024-09-16T17:56:53.371Z 9: webContents.destroyed web1
2024-09-16T17:56:53.372Z 10: window.closed win1
2024-09-16T23:03:35.963Z 11: before-quit
2024-09-16T23:04:08.535Z 0: 

----------------------------------------------
2024-09-16T23:04:08.551Z 1: Discord starting: {"releaseChannel":"stable","version":"0.0.67"}, modulepath: /home/yvesd/.config/discord/0.0.67/modules
2024-09-16T23:04:08.556Z 2: ✅ webContents.created web1 ""
2024-09-16T23:04:08.558Z 3: ✅ window.created win1 "discord"
2024-09-16T23:04:08.133Z 4: ✅ webContents.did-finish-load web1
2024-09-16T23:04:08.311Z 5: ✅ webContents.created web2 ""
2024-09-16T23:04:08.315Z 6: ✅ window.created win2 "Discord"
2024-09-16T23:04:10.261Z 7: ✅ webContents.did-finish-load web2
2024-09-16T23:04:10.362Z 8: window.close win1
2024-09-16T23:04:10.365Z 9: webContents.destroyed web1
2024-09-16T23:04:10.366Z 10: window.closed win1
2024-09-17T19:04:48.584Z 11: before-quit
2024-09-17T19:04:48.592Z 12: window.close win2
2024-09-17T19:07:07.014Z 0: 

----------------------------------------------
2024-09-17T19:07:07.027Z 1: Discord starting: {"releaseChannel":"stable","version":"0.0.67"}, modulepath: /home/yvesd/.config/discord/0.0.67/modules
2024-09-17T19:07:07.033Z 2: ✅ webContents.created web1 ""
2024-09-17T19:07:07.034Z 3: ✅ window.created win1 "discord"
2024-09-17T19:07:07.364Z 4: ✅ webContents.did-finish-load web1
2024-09-17T19:07:17.667Z 5: ✅ webContents.created web2 ""
2024-09-17T19:07:17.670Z 6: ✅ window.created win2 "Discord"
2024-09-17T19:07:20.107Z 7: ✅ webContents.did-finish-load web2
2024-09-17T19:07:20.207Z 8: window.close win1
2024-09-17T19:07:20.211Z 9: webContents.destroyed web1
2024-09-17T19:07:20.212Z 10: window.closed win1
2024-09-17T19:36:47.198Z 11: before-quit
2024-09-17T19:36:47.201Z 12: window.close win2
2024-09-17T19:40:34.252Z 0: 

----------------------------------------------
2024-09-17T19:40:34.269Z 1: Discord starting: {"releaseChannel":"stable","version":"0.0.67"}, modulepath: /home/yvesd/.config/discord/0.0.67/modules
2024-09-17T19:40:34.274Z 2: ✅ webContents.created web1 ""
2024-09-17T19:40:34.276Z 3: ✅ window.created win1 "discord"
2024-09-17T19:40:34.679Z 4: ✅ webContents.did-finish-load web1
2024-09-17T19:40:44.873Z 5: ✅ webContents.created web2 ""
2024-09-17T19:40:44.876Z 6: ✅ window.created win2 "Discord"
2024-09-17T19:40:47.046Z 7: ✅ webContents.did-finish-load web2
2024-09-17T19:40:47.146Z 8: window.close win1
2024-09-17T19:40:47.151Z 9: webContents.destroyed web1
2024-09-17T19:40:47.151Z 10: window.closed win1
2024-09-18T00:04:20.919Z 11: before-quit
2024-09-18T00:04:20.920Z 12: window.close win2
2024-09-18T00:04:52.865Z 0: 

----------------------------------------------
2024-09-18T00:04:52.877Z 1: Discord starting: {"releaseChannel":"stable","version":"0.0.67"}, modulepath: /home/yvesd/.config/discord/0.0.67/modules
2024-09-18T00:04:52.881Z 2: ✅ webContents.created web1 ""
2024-09-18T00:04:52.882Z 3: ✅ window.created win1 "discord"
2024-09-18T00:04:53.268Z 4: ✅ webContents.created web2 ""
2024-09-18T00:04:53.271Z 5: ✅ window.created win2 "Discord"
2024-09-18T00:04:53.322Z 6: ✅ webContents.did-finish-load web1
2024-09-18T00:04:53.336Z 7: ❌ webContents.did-fail-provisional-load web2: -105 ERR_NAME_NOT_RESOLVED
2024-09-18T00:04:53.339Z 8: ❌ webContents.did-fail-load web2" -105 ERR_NAME_NOT_RESOLVED
2024-09-18T00:04:53.540Z 9: ✅ webContents.did-finish-load web2
2024-09-18T00:04:56.638Z 10: ✅ webContents.did-finish-load web2
2024-09-18T00:04:56.738Z 11: window.close win1
2024-09-18T00:04:56.742Z 12: webContents.destroyed web1
2024-09-18T00:04:56.743Z 13: window.closed win1
2024-09-19T13:22:17.476Z 14: before-quit
2024-09-19T13:22:17.479Z 15: window.close win2
2024-09-19T13:22:17.482Z 16: ❌ child-process-gone {
  type: 'Utility',
  reason: 'killed',
  exitCode: 15,
  serviceName: 'audio.mojom.AudioService',
  name: 'Audio Service'
}
2024-09-19T13:22:36.242Z 0: 

----------------------------------------------
2024-09-19T13:22:36.253Z 1: Discord starting: {"releaseChannel":"stable","version":"0.0.67"}, modulepath: /home/yvesd/.config/discord/0.0.67/modules
2024-09-19T13:22:36.258Z 2: ✅ webContents.created web1 ""
2024-09-19T13:22:36.263Z 3: ✅ window.created win1 "discord"
2024-09-19T13:22:36.545Z 4: ✅ webContents.did-finish-load web1
2024-09-19T13:22:46.764Z 5: ✅ webContents.created web2 ""
2024-09-19T13:22:46.766Z 6: ✅ window.created win2 "Discord"
2024-09-19T13:22:51.303Z 7: ✅ webContents.did-finish-load web2
2024-09-19T13:22:51.404Z 8: window.close win1
2024-09-19T13:22:51.407Z 9: webContents.destroyed web1
2024-09-19T13:22:51.408Z 10: window.closed win1
2024-09-19T13:23:17.597Z 11: window.close win2
2024-09-19T17:42:02.501Z 12: before-quit
2024-09-19T17:42:02.595Z 13: window.close win2
2024-09-19T17:42:02.679Z 14: ❌ child-process-gone {
  type: 'Utility',
  reason: 'killed',
  exitCode: 15,
  serviceName: 'audio.mojom.AudioService',
  name: 'Audio Service'
}
2024-09-19T17:42:02.682Z 15: ❌ child-process-gone {
  type: 'Utility',
  reason: 'killed',
  exitCode: 15,
  serviceName: 'network.mojom.NetworkService',
  name: 'Network Service'
}
2024-09-19T17:42:36.436Z 0: 

----------------------------------------------
2024-09-19T17:42:36.449Z 1: Discord starting: {"releaseChannel":"stable","version":"0.0.67"}, modulepath: /home/yvesd/.config/discord/0.0.67/modules
2024-09-19T17:42:36.455Z 2: ✅ webContents.created web1 ""
2024-09-19T17:42:36.456Z 3: ✅ window.created win1 "discord"
2024-09-19T17:42:36.840Z 4: ✅ webContents.did-finish-load web1
2024-09-19T17:42:37.022Z 5: ✅ webContents.created web2 ""
2024-09-19T17:42:37.027Z 6: ✅ window.created win2 "Discord"
2024-09-19T17:42:38.984Z 7: ✅ webContents.did-finish-load web2
2024-09-19T17:42:39.085Z 8: window.close win1
2024-09-19T17:42:39.089Z 9: webContents.destroyed web1
2024-09-19T17:42:39.090Z 10: window.closed win1
2024-09-26T11:42:41.236Z 0: 

----------------------------------------------
2024-09-26T11:42:41.249Z 1: Discord starting: {"releaseChannel":"stable","version":"0.0.67"}, modulepath: /home/yvesd/.config/discord/0.0.67/modules
2024-09-26T11:42:41.254Z 2: ✅ webContents.created web1 ""
2024-09-26T11:42:41.256Z 3: ✅ window.created win1 "discord"
2024-09-26T11:42:41.504Z 4: ✅ webContents.did-finish-load web1
2024-09-26T11:43:09.609Z 5: ✅ webContents.created web2 ""
2024-09-26T11:43:09.613Z 6: ✅ window.created win2 "Discord"
2024-09-26T11:43:14.929Z 7: ✅ webContents.did-finish-load web2
2024-09-26T11:43:15.030Z 8: window.close win1
2024-09-26T11:43:15.034Z 9: webContents.destroyed web1
2024-09-26T11:43:15.035Z 10: window.closed win1
2024-09-26T19:52:19.969Z 0: 

----------------------------------------------
2024-09-26T19:52:19.980Z 1: Discord starting: {"releaseChannel":"stable","version":"0.0.67"}, modulepath: /home/yvesd/.config/discord/0.0.67/modules
2024-09-26T19:52:19.985Z 2: ✅ webContents.created web1 ""
2024-09-26T19:52:19.986Z 3: ✅ window.created win1 "discord"
2024-09-26T19:52:20.345Z 4: ✅ webContents.did-finish-load web1
2024-09-26T19:52:30.550Z 5: ✅ webContents.created web2 ""
2024-09-26T19:52:30.553Z 6: ✅ window.created win2 "Discord"
2024-09-26T19:52:32.490Z 7: ✅ webContents.did-finish-load web2
2024-09-26T19:52:32.591Z 8: window.close win1
2024-09-26T19:52:32.595Z 9: webContents.destroyed web1
2024-09-26T19:52:32.596Z 10: window.closed win1
2024-09-28T21:51:07.519Z 0: 

----------------------------------------------
2024-09-28T21:51:07.530Z 1: Discord starting: {"releaseChannel":"stable","version":"0.0.67"}, modulepath: /home/yvesd/.config/discord/0.0.67/modules
2024-09-28T21:51:07.535Z 2: ✅ webContents.created web1 ""
2024-09-28T21:51:07.536Z 3: ✅ window.created win1 "discord"
2024-09-28T21:51:07.867Z 4: ✅ webContents.did-finish-load web1
2024-09-28T21:51:18.094Z 5: ✅ webContents.created web2 ""
2024-09-28T21:51:18.098Z 6: ✅ window.created win2 "Discord"
2024-09-28T21:51:19.826Z 7: ✅ webContents.did-finish-load web2
2024-09-28T21:51:19.927Z 8: window.close win1
2024-09-28T21:51:19.932Z 9: webContents.destroyed web1
2024-09-28T21:51:19.933Z 10: window.closed win1
2024-10-03T12:26:43.662Z 11: before-quit
2024-10-03T12:26:43.673Z 12: window.close win2
2024-10-03T12:26:43.696Z 13: ❌ child-process-gone {
  type: 'Utility',
  reason: 'killed',
  exitCode: 15,
  serviceName: 'audio.mojom.AudioService',
  name: 'Audio Service'
}
2024-10-03T12:26:43.704Z 14: ❌ child-process-gone {
  type: 'Utility',
  reason: 'killed',
  exitCode: 15,
  serviceName: 'network.mojom.NetworkService',
  name: 'Network Service'
}
2024-10-03T12:27:29.782Z 0: 

----------------------------------------------
2024-10-03T12:27:29.795Z 1: Discord starting: {"releaseChannel":"stable","version":"0.0.67"}, modulepath: /home/yvesd/.config/discord/0.0.67/modules
2024-10-03T12:27:29.797Z 2: ✅ webContents.created web1 ""
2024-10-03T12:27:29.799Z 3: ✅ window.created win1 "discord"
2024-10-03T12:27:30.155Z 4: ✅ webContents.did-finish-load web1
2024-10-03T12:27:40.321Z 5: ✅ webContents.created web2 ""
2024-10-03T12:27:40.324Z 6: ✅ window.created win2 "Discord"
2024-10-03T12:27:45.715Z 7: ✅ webContents.did-finish-load web2
2024-10-03T12:27:45.816Z 8: window.close win1
2024-10-03T12:27:45.822Z 9: webContents.destroyed web1
2024-10-03T12:27:45.823Z 10: window.closed win1
2024-10-03T14:32:41.166Z 11: before-quit
2024-10-03T14:33:51.203Z 0: 

----------------------------------------------
2024-10-03T14:33:51.289Z 1: Discord starting: {"releaseChannel":"stable","version":"0.0.67"}, modulepath: /home/yvesd/.config/discord/0.0.67/modules
2024-10-03T14:33:51.294Z 2: ✅ webContents.created web1 ""
2024-10-03T14:33:51.296Z 3: ✅ window.created win1 "discord"
2024-10-03T14:33:51.475Z 4: ✅ webContents.did-finish-load web1
2024-10-03T14:34:01.650Z 5: ✅ webContents.created web2 ""
2024-10-03T14:34:01.653Z 6: ✅ window.created win2 "Discord"
2024-10-03T14:34:04.036Z 7: ✅ webContents.did-finish-load web2
2024-10-03T14:34:04.137Z 8: window.close win1
2024-10-03T14:34:04.144Z 9: webContents.destroyed web1
2024-10-03T14:34:04.146Z 10: window.closed win1
2024-10-09T15:49:11.417Z 0: 

----------------------------------------------
2024-10-09T15:49:11.432Z 1: Discord starting: {"releaseChannel":"stable","version":"0.0.67"}, modulepath: /home/yvesd/.config/discord/0.0.67/modules
2024-10-09T15:49:11.437Z 2: ✅ webContents.created web1 ""
2024-10-09T15:49:11.438Z 3: ✅ window.created win1 "discord"
2024-10-09T15:49:11.807Z 4: ✅ webContents.did-finish-load web1
2024-10-09T15:49:22.034Z 5: ✅ webContents.created web2 ""
2024-10-09T15:49:22.036Z 6: ✅ window.created win2 "Discord"
2024-10-09T15:49:23.711Z 7: ✅ webContents.did-finish-load web2
2024-10-09T15:49:23.812Z 8: window.close win1
2024-10-09T15:49:23.817Z 9: webContents.destroyed web1
2024-10-09T15:49:23.817Z 10: window.closed win1
