2024-04-06T15:37:52.798Z 6: ✅ window.created win2 "Discord"
2024-04-06T15:37:54.787Z 7: ✅ webContents.did-finish-load web2
2024-04-06T15:37:54.887Z 8: window.close win1
2024-04-06T15:37:54.890Z 9: webContents.destroyed web1
2024-04-06T15:37:54.891Z 10: window.closed win1
2024-04-06T18:54:59.809Z 11: before-quit
2024-04-06T18:55:19.850Z 0: 

----------------------------------------------
2024-04-06T18:55:19.856Z 1: Discord starting: {"releaseChannel":"stable","version":"0.0.45"}, modulepath: /home/yvesd/.config/discord/0.0.45/modules
2024-04-06T18:55:19.881Z 2: ✅ webContents.created web1 ""
2024-04-06T18:55:19.883Z 3: ✅ window.created win1 "discord"
2024-04-06T18:55:20.086Z 4: ✅ webContents.did-finish-load web1
2024-04-06T18:55:30.385Z 5: ✅ webContents.created web2 ""
2024-04-06T18:55:30.388Z 6: ✅ window.created win2 "Discord"
2024-04-06T18:55:31.990Z 7: ✅ webContents.did-finish-load web2
2024-04-06T18:55:32.090Z 8: window.close win1
2024-04-06T18:55:32.092Z 9: webContents.destroyed web1
2024-04-06T18:55:32.093Z 10: window.closed win1
2024-04-08T14:27:53.061Z 11: before-quit
2024-04-08T14:28:16.238Z 0: 

----------------------------------------------
2024-04-08T14:28:16.259Z 1: Discord starting: {"releaseChannel":"stable","version":"0.0.45"}, modulepath: /home/yvesd/.config/discord/0.0.45/modules
2024-04-08T14:28:16.272Z 2: ✅ webContents.created web1 ""
2024-04-08T14:28:16.274Z 3: ✅ window.created win1 "discord"
2024-04-08T14:28:16.506Z 4: ✅ webContents.did-finish-load web1
2024-04-08T14:28:16.676Z 5: ✅ webContents.created web2 ""
2024-04-08T14:28:16.680Z 6: ✅ window.created win2 "Discord"
2024-04-08T14:28:18.327Z 7: ✅ webContents.did-finish-load web2
2024-04-08T14:28:18.427Z 8: window.close win1
2024-04-08T14:28:18.430Z 9: webContents.destroyed web1
2024-04-08T14:28:18.431Z 10: window.closed win1
2024-04-08T17:24:59.140Z 11: before-quit
2024-04-08T17:25:23.858Z 0: 

----------------------------------------------
2024-04-08T17:25:23.865Z 1: Discord starting: {"releaseChannel":"stable","version":"0.0.45"}, modulepath: /home/yvesd/.config/discord/0.0.45/modules
2024-04-08T17:25:23.889Z 2: ✅ webContents.created web1 ""
2024-04-08T17:25:23.893Z 3: ✅ window.created win1 "discord"
2024-04-08T17:25:24.125Z 4: ✅ webContents.did-finish-load web1
2024-04-08T17:25:34.364Z 5: ✅ webContents.created web2 ""
2024-04-08T17:25:34.367Z 6: ✅ window.created win2 "Discord"
2024-04-08T17:25:35.889Z 7: ✅ webContents.did-finish-load web2
2024-04-08T17:25:35.990Z 8: window.close win1
2024-04-08T17:25:35.994Z 9: webContents.destroyed web1
2024-04-08T17:25:35.995Z 10: window.closed win1
2024-04-08T17:31:57.181Z 11: before-quit
2024-04-08T17:32:18.856Z 0: 

----------------------------------------------
2024-04-08T17:32:18.877Z 1: Discord starting: {"releaseChannel":"stable","version":"0.0.45"}, modulepath: /home/yvesd/.config/discord/0.0.45/modules
2024-04-08T17:32:18.887Z 2: ✅ webContents.created web1 ""
2024-04-08T17:32:18.888Z 3: ✅ window.created win1 "discord"
2024-04-08T17:32:19.488Z 4: ✅ webContents.did-finish-load web1
2024-04-08T17:32:29.651Z 5: ✅ webContents.created web2 ""
2024-04-08T17:32:29.653Z 6: ✅ window.created win2 "Discord"
2024-04-08T17:32:31.226Z 7: ✅ webContents.did-finish-load web2
2024-04-08T17:32:31.327Z 8: window.close win1
2024-04-08T17:32:31.331Z 9: webContents.destroyed web1
2024-04-08T17:32:31.332Z 10: window.closed win1
2024-04-08T22:15:32.146Z 11: before-quit
2024-04-08T22:16:42.104Z 0: 

----------------------------------------------
2024-04-08T22:16:42.113Z 1: Discord starting: {"releaseChannel":"stable","version":"0.0.45"}, modulepath: /home/yvesd/.config/discord/0.0.45/modules
2024-04-08T22:16:42.137Z 2: ✅ webContents.created web1 ""
2024-04-08T22:16:42.141Z 3: ✅ window.created win1 "discord"
2024-04-08T22:16:42.373Z 4: ✅ webContents.did-finish-load web1
2024-04-08T22:16:52.551Z 5: ✅ webContents.created web2 ""
2024-04-08T22:16:52.553Z 6: ✅ window.created win2 "Discord"
2024-04-08T22:16:54.095Z 7: ✅ webContents.did-finish-load web2
2024-04-08T22:16:54.195Z 8: window.close win1
2024-04-08T22:16:54.198Z 9: webContents.destroyed web1
2024-04-08T22:16:54.199Z 10: window.closed win1
2024-04-09T14:41:15.471Z 11: before-quit
2024-04-09T14:41:15.516Z 12: window.close win2
2024-04-09T14:41:35.766Z 0: 

----------------------------------------------
2024-04-09T14:41:35.785Z 1: Discord starting: {"releaseChannel":"stable","version":"0.0.45"}, modulepath: /home/yvesd/.config/discord/0.0.45/modules
2024-04-09T14:41:35.801Z 2: ✅ webContents.created web1 ""
2024-04-09T14:41:35.804Z 3: ✅ window.created win1 "discord"
2024-04-09T14:41:36.010Z 4: ✅ webContents.did-finish-load web1
2024-04-09T14:41:36.192Z 5: ✅ webContents.created web2 ""
2024-04-09T14:41:36.194Z 6: ✅ window.created win2 "Discord"
2024-04-09T14:41:37.840Z 7: ✅ webContents.did-finish-load web2
2024-04-09T14:41:37.939Z 8: window.close win1
2024-04-09T14:41:37.942Z 9: webContents.destroyed web1
2024-04-09T14:41:37.943Z 10: window.closed win1
